[ 2015-10-14T16:27:44+08:00 ] ::1 /originalsystem/Application/Admin/View/Public/js/jquery-1.10.2.min.js
ERR: 无法加载控制器:Application

[ 2015-10-14T16:27:58+08:00 ] ::1 /originalsystem/index.php/Admin/Common/getUrl
INFO: [ app_begin ] --START--
INFO: Run Behavior\ReadHtmlCacheBehavior [ RunTime:0.002758s ]
INFO: [ app_begin ] --END-- [ RunTime:0.004613s ]
SQL: SHOW COLUMNS FROM `os_menu` [ RunTime:0.0124s ]
SQL: SELECT * FROM `os_menu` WHERE `Url` = 'Common/index' AND `Pid` = 0 LIMIT 1   [ RunTime:0.0011s ]
SQL: SELECT * FROM `os_menu`  [ RunTime:0.0006s ]
NOTIC: [8] Undefined variable: subUrl E:\xampp\htdocs\OriginalSystem\Application\Admin\Action\CommonAction.class.php 第 68 行.
NOTIC: [8] Undefined variable: thirdUrl E:\xampp\htdocs\OriginalSystem\Application\Admin\Action\CommonAction.class.php 第 69 行.
SQL: SELECT `id`,`Pid`,`Url` FROM `os_menu`  [ RunTime:0.0003s ]

[ 2015-10-14T16:28:01+08:00 ] ::1 /originalsystem/index.php/Admin/Common/getUrl
INFO: [ app_begin ] --START--
INFO: Run Behavior\ReadHtmlCacheBehavior [ RunTime:0.000914s ]
INFO: [ app_begin ] --END-- [ RunTime:0.001592s ]
SQL: SHOW COLUMNS FROM `os_menu` [ RunTime:0.0032s ]
SQL: SELECT * FROM `os_menu` WHERE `Url` = 'Common/index' AND `Pid` = 0 LIMIT 1   [ RunTime:0.0004s ]
SQL: SELECT * FROM `os_menu`  [ RunTime:0.0004s ]
NOTIC: [8] Undefined variable: subUrl E:\xampp\htdocs\OriginalSystem\Application\Admin\Action\CommonAction.class.php 第 68 行.
NOTIC: [8] Undefined variable: thirdUrl E:\xampp\htdocs\OriginalSystem\Application\Admin\Action\CommonAction.class.php 第 69 行.
SQL: SELECT `id`,`Pid`,`Url` FROM `os_menu`  [ RunTime:0.0004s ]

[ 2015-10-14T16:28:05+08:00 ] ::1 /originalsystem/index.php/Admin/Common/getUrl
INFO: [ app_begin ] --START--
INFO: Run Behavior\ReadHtmlCacheBehavior [ RunTime:0.003079s ]
INFO: [ app_begin ] --END-- [ RunTime:0.007811s ]
SQL: SHOW COLUMNS FROM `os_menu` [ RunTime:0.0105s ]
SQL: SELECT * FROM `os_menu` WHERE `Url` = 'Common/index' AND `Pid` = 0 LIMIT 1   [ RunTime:0.0010s ]
SQL: SELECT * FROM `os_menu`  [ RunTime:0.0009s ]
NOTIC: [8] Undefined variable: subUrl E:\xampp\htdocs\OriginalSystem\Application\Admin\Action\CommonAction.class.php 第 68 行.
NOTIC: [8] Undefined variable: thirdUrl E:\xampp\htdocs\OriginalSystem\Application\Admin\Action\CommonAction.class.php 第 69 行.
SQL: SELECT `id`,`Pid`,`Url` FROM `os_menu`  [ RunTime:0.0011s ]
NOTIC: [8] Undefined offset: -1 E:\xampp\htdocs\OriginalSystem\Application\Admin\Action\CommonAction.class.php 第 39 行.

[ 2015-10-14T16:28:13+08:00 ] ::1 /originalsystem/index.php/Admin/Common/getUrl
INFO: [ app_begin ] --START--
INFO: Run Behavior\ReadHtmlCacheBehavior [ RunTime:0.003235s ]
INFO: [ app_begin ] --END-- [ RunTime:0.005059s ]
SQL: SHOW COLUMNS FROM `os_menu` [ RunTime:0.0048s ]
SQL: SELECT * FROM `os_menu` WHERE `Url` = 'Common/index' AND `Pid` = 0 LIMIT 1   [ RunTime:0.0010s ]
SQL: SELECT * FROM `os_menu`  [ RunTime:0.0006s ]
NOTIC: [8] Undefined variable: subUrl E:\xampp\htdocs\OriginalSystem\Application\Admin\Action\CommonAction.class.php 第 68 行.
NOTIC: [8] Undefined variable: thirdUrl E:\xampp\htdocs\OriginalSystem\Application\Admin\Action\CommonAction.class.php 第 69 行.
SQL: SELECT `id`,`Pid`,`Url` FROM `os_menu`  [ RunTime:0.0007s ]
NOTIC: [8] Undefined offset: -1 E:\xampp\htdocs\OriginalSystem\Application\Admin\Action\CommonAction.class.php 第 39 行.

[ 2015-10-14T16:28:16+08:00 ] ::1 /originalsystem/index.php/Admin/Common/getUrl
INFO: [ app_begin ] --START--
INFO: Run Behavior\ReadHtmlCacheBehavior [ RunTime:0.011893s ]
INFO: [ app_begin ] --END-- [ RunTime:0.015846s ]
SQL: SHOW COLUMNS FROM `os_menu` [ RunTime:0.0101s ]
SQL: SELECT * FROM `os_menu` WHERE `Url` = 'Common/index' AND `Pid` = 0 LIMIT 1   [ RunTime:0.0008s ]
SQL: SELECT * FROM `os_menu`  [ RunTime:0.0008s ]
NOTIC: [8] Undefined variable: subUrl E:\xampp\htdocs\OriginalSystem\Application\Admin\Action\CommonAction.class.php 第 68 行.
NOTIC: [8] Undefined variable: thirdUrl E:\xampp\htdocs\OriginalSystem\Application\Admin\Action\CommonAction.class.php 第 69 行.
SQL: SELECT `id`,`Pid`,`Url` FROM `os_menu`  [ RunTime:0.0007s ]

[ 2015-10-14T16:28:28+08:00 ] ::1 /originalsystem/index.php/Admin/Common/getUrl
INFO: [ app_begin ] --START--
INFO: Run Behavior\ReadHtmlCacheBehavior [ RunTime:0.001034s ]
INFO: [ app_begin ] --END-- [ RunTime:0.001798s ]
SQL: SHOW COLUMNS FROM `os_menu` [ RunTime:0.0028s ]
SQL: SELECT * FROM `os_menu` WHERE `Url` = 'Common/index' AND `Pid` = 0 LIMIT 1   [ RunTime:0.0004s ]
SQL: SELECT * FROM `os_menu`  [ RunTime:0.0003s ]
NOTIC: [8] Undefined variable: subUrl E:\xampp\htdocs\OriginalSystem\Application\Admin\Action\CommonAction.class.php 第 68 行.
NOTIC: [8] Undefined variable: thirdUrl E:\xampp\htdocs\OriginalSystem\Application\Admin\Action\CommonAction.class.php 第 69 行.
SQL: SELECT `id`,`Pid`,`Url` FROM `os_menu`  [ RunTime:0.0002s ]

[ 2015-10-14T16:28:32+08:00 ] ::1 /originalsystem/index.php/Admin/Common/getUrl
INFO: [ app_begin ] --START--
INFO: Run Behavior\ReadHtmlCacheBehavior [ RunTime:0.002249s ]
INFO: [ app_begin ] --END-- [ RunTime:0.003705s ]
SQL: SHOW COLUMNS FROM `os_menu` [ RunTime:0.0031s ]
SQL: SELECT * FROM `os_menu` WHERE `Url` = 'Common/index' AND `Pid` = 0 LIMIT 1   [ RunTime:0.0005s ]
SQL: SELECT * FROM `os_menu`  [ RunTime:0.0004s ]
NOTIC: [8] Undefined variable: subUrl E:\xampp\htdocs\OriginalSystem\Application\Admin\Action\CommonAction.class.php 第 68 行.
NOTIC: [8] Undefined variable: thirdUrl E:\xampp\htdocs\OriginalSystem\Application\Admin\Action\CommonAction.class.php 第 69 行.
SQL: SELECT `id`,`Pid`,`Url` FROM `os_menu`  [ RunTime:0.0004s ]
NOTIC: [8] Undefined offset: -1 E:\xampp\htdocs\OriginalSystem\Application\Admin\Action\CommonAction.class.php 第 39 行.

[ 2015-10-14T16:28:33+08:00 ] ::1 /originalsystem/index.php/Admin/Common/getUrl
INFO: [ app_begin ] --START--
INFO: Run Behavior\ReadHtmlCacheBehavior [ RunTime:0.002403s ]
INFO: [ app_begin ] --END-- [ RunTime:0.004717s ]
SQL: SHOW COLUMNS FROM `os_menu` [ RunTime:0.0101s ]
SQL: SELECT * FROM `os_menu` WHERE `Url` = 'Common/index' AND `Pid` = 0 LIMIT 1   [ RunTime:0.0011s ]
SQL: SELECT * FROM `os_menu`  [ RunTime:0.0011s ]
NOTIC: [8] Undefined variable: subUrl E:\xampp\htdocs\OriginalSystem\Application\Admin\Action\CommonAction.class.php 第 68 行.
NOTIC: [8] Undefined variable: thirdUrl E:\xampp\htdocs\OriginalSystem\Application\Admin\Action\CommonAction.class.php 第 69 行.
SQL: SELECT `id`,`Pid`,`Url` FROM `os_menu`  [ RunTime:0.0011s ]
NOTIC: [8] Undefined offset: -1 E:\xampp\htdocs\OriginalSystem\Application\Admin\Action\CommonAction.class.php 第 39 行.

[ 2015-10-14T16:28:35+08:00 ] ::1 /originalsystem/index.php/Admin/Common/getUrl
INFO: [ app_begin ] --START--
INFO: Run Behavior\ReadHtmlCacheBehavior [ RunTime:0.002882s ]
INFO: [ app_begin ] --END-- [ RunTime:0.006175s ]
SQL: SHOW COLUMNS FROM `os_menu` [ RunTime:0.0121s ]
SQL: SELECT * FROM `os_menu` WHERE `Url` = 'Common/index' AND `Pid` = 0 LIMIT 1   [ RunTime:0.0015s ]
SQL: SELECT * FROM `os_menu`  [ RunTime:0.0013s ]
NOTIC: [8] Undefined variable: subUrl E:\xampp\htdocs\OriginalSystem\Application\Admin\Action\CommonAction.class.php 第 68 行.
NOTIC: [8] Undefined variable: thirdUrl E:\xampp\htdocs\OriginalSystem\Application\Admin\Action\CommonAction.class.php 第 69 行.
SQL: SELECT `id`,`Pid`,`Url` FROM `os_menu`  [ RunTime:0.0012s ]
NOTIC: [8] Undefined offset: -1 E:\xampp\htdocs\OriginalSystem\Application\Admin\Action\CommonAction.class.php 第 39 行.

[ 2015-10-14T16:28:36+08:00 ] ::1 /originalsystem/index.php/Admin/Common/getUrl
INFO: [ app_begin ] --START--
INFO: Run Behavior\ReadHtmlCacheBehavior [ RunTime:0.002636s ]
INFO: [ app_begin ] --END-- [ RunTime:0.004635s ]
SQL: SHOW COLUMNS FROM `os_menu` [ RunTime:0.0113s ]
SQL: SELECT * FROM `os_menu` WHERE `Url` = 'Common/index' AND `Pid` = 0 LIMIT 1   [ RunTime:0.0010s ]
SQL: SELECT * FROM `os_menu`  [ RunTime:0.0010s ]
NOTIC: [8] Undefined variable: subUrl E:\xampp\htdocs\OriginalSystem\Application\Admin\Action\CommonAction.class.php 第 68 行.
NOTIC: [8] Undefined variable: thirdUrl E:\xampp\htdocs\OriginalSystem\Application\Admin\Action\CommonAction.class.php 第 69 行.
SQL: SELECT `id`,`Pid`,`Url` FROM `os_menu`  [ RunTime:0.0008s ]

