[ 2015-10-14T11:53:41+08:00 ] ::1 /originalsystem/index.php/index/Monitor/InitMonitor
INFO: [ app_begin ] --START--
INFO: Run Behavior\ReadHtmlCacheBehavior [ RunTime:0.001456s ]
INFO: [ app_begin ] --END-- [ RunTime:0.002405s ]
SQL: SHOW COLUMNS FROM `os_interdetail` [ RunTime:0.0440s ]
SQL: SELECT COUNT(*) AS tp_count FROM `os_interdetail` WHERE `time` BETWEEN '1444752000<br>' AND '1444794820' LIMIT 1   [ RunTime:0.0016s ]
SQL: SELECT COUNT(*) AS tp_count FROM `os_interdetail` LIMIT 1   [ RunTime:0.0006s ]
SQL: SHOW COLUMNS FROM `os_user` [ RunTime:0.0403s ]
SQL: SELECT COUNT(*) AS tp_count FROM `os_user` LIMIT 1   [ RunTime:0.0003s ]
SQL: SHOW COLUMNS FROM `os_config` [ RunTime:0.0570s ]
SQL: SELECT * FROM `os_config` WHERE ( Conf="MaxUserNum" ) LIMIT 1   [ RunTime:0.0004s ]
SQL: SHOW COLUMNS FROM `os_net` [ RunTime:0.0225s ]
SQL: SELECT COUNT(*) AS tp_count FROM `os_net` LIMIT 1   [ RunTime:0.0003s ]
SQL: SELECT * FROM `os_config` WHERE ( Conf="MaxNetSetting" ) LIMIT 1   [ RunTime:0.0002s ]
SQL: SHOW COLUMNS FROM `os_auth` [ RunTime:0.0531s ]
SQL: SELECT COUNT(*) AS tp_count FROM `os_auth` LIMIT 1   [ RunTime:0.0011s ]
SQL: SELECT * FROM `os_config` WHERE ( Conf="MaxAuthNum" ) LIMIT 1   [ RunTime:0.0011s ]
SQL: SELECT COUNT(*) AS tp_count FROM `os_interdetail` WHERE `time` BETWEEN '1444791221' AND '1444794821' LIMIT 1   [ RunTime:0.0040s ]
SQL: SELECT COUNT(*) AS tp_count FROM `os_interdetail` WHERE `time` BETWEEN '1444787621' AND '1444791221' LIMIT 1   [ RunTime:0.0014s ]
SQL: SELECT COUNT(*) AS tp_count FROM `os_interdetail` WHERE `time` BETWEEN '1444784021' AND '1444787621' LIMIT 1   [ RunTime:0.0039s ]
SQL: SELECT COUNT(*) AS tp_count FROM `os_interdetail` WHERE `time` BETWEEN '1444780421' AND '1444784021' LIMIT 1   [ RunTime:0.0040s ]
SQL: SELECT COUNT(*) AS tp_count FROM `os_interdetail` WHERE `time` BETWEEN '1444776821' AND '1444780421' LIMIT 1   [ RunTime:0.0034s ]
SQL: SELECT COUNT(*) AS tp_count FROM `os_interdetail` WHERE `time` BETWEEN '1444773221' AND '1444776821' LIMIT 1   [ RunTime:0.0030s ]
SQL: SELECT COUNT(*) AS tp_count FROM `os_interdetail` WHERE `time` BETWEEN '1444769621' AND '1444773221' LIMIT 1   [ RunTime:0.0021s ]
SQL: SELECT COUNT(*) AS tp_count FROM `os_interdetail` WHERE `time` BETWEEN '1444766021' AND '1444769621' LIMIT 1   [ RunTime:0.0020s ]
SQL: SELECT COUNT(*) AS tp_count FROM `os_interdetail` WHERE `time` BETWEEN '1444762421' AND '1444766021' LIMIT 1   [ RunTime:0.0024s ]
SQL: SELECT COUNT(*) AS tp_count FROM `os_interdetail` WHERE `time` BETWEEN '1444758821' AND '1444762421' LIMIT 1   [ RunTime:0.0022s ]
SQL: SELECT COUNT(*) AS tp_count FROM `os_interdetail` WHERE `time` BETWEEN '1444755221' AND '1444758821' LIMIT 1   [ RunTime:0.0056s ]
SQL: SELECT COUNT(*) AS tp_count FROM `os_interdetail` WHERE `time` BETWEEN '1444751621' AND '1444755221' LIMIT 1   [ RunTime:0.0022s ]
SQL: SELECT COUNT(*) AS tp_count FROM `os_interdetail` WHERE `time` BETWEEN '1444748021' AND '1444751621' LIMIT 1   [ RunTime:0.0024s ]
SQL: SELECT COUNT(*) AS tp_count FROM `os_interdetail` WHERE `time` BETWEEN '1444744421' AND '1444748021' LIMIT 1   [ RunTime:0.0030s ]
SQL: SELECT COUNT(*) AS tp_count FROM `os_interdetail` WHERE `time` BETWEEN '1444740821' AND '1444744421' LIMIT 1   [ RunTime:0.0031s ]
SQL: SELECT COUNT(*) AS tp_count FROM `os_interdetail` WHERE `time` BETWEEN '1444737221' AND '1444740821' LIMIT 1   [ RunTime:0.0025s ]
SQL: SELECT COUNT(*) AS tp_count FROM `os_interdetail` WHERE `time` BETWEEN '1444733621' AND '1444737221' LIMIT 1   [ RunTime:0.0041s ]
SQL: SELECT COUNT(*) AS tp_count FROM `os_interdetail` WHERE `time` BETWEEN '1444730021' AND '1444733621' LIMIT 1   [ RunTime:0.0031s ]
SQL: SELECT COUNT(*) AS tp_count FROM `os_interdetail` WHERE `time` BETWEEN '1444726421' AND '1444730021' LIMIT 1   [ RunTime:0.0032s ]
SQL: SELECT COUNT(*) AS tp_count FROM `os_interdetail` WHERE `time` BETWEEN '1444722821' AND '1444726421' LIMIT 1   [ RunTime:0.0024s ]
SQL: SELECT COUNT(*) AS tp_count FROM `os_interdetail` WHERE `time` BETWEEN '1444719221' AND '1444722821' LIMIT 1   [ RunTime:0.0034s ]
SQL: SELECT COUNT(*) AS tp_count FROM `os_interdetail` WHERE `time` BETWEEN '1444715621' AND '1444719221' LIMIT 1   [ RunTime:0.0054s ]
SQL: SELECT COUNT(*) AS tp_count FROM `os_interdetail` WHERE `time` BETWEEN '1444712021' AND '1444715621' LIMIT 1   [ RunTime:0.0056s ]
SQL: SELECT COUNT(*) AS tp_count FROM `os_interdetail` WHERE `time` BETWEEN '1444708421' AND '1444712021' LIMIT 1   [ RunTime:0.0036s ]
SQL: SELECT COUNT(*) AS tp_count FROM `os_interdetail` WHERE `time` BETWEEN '1444704821' AND '1444708421' LIMIT 1   [ RunTime:0.0039s ]
SQL: SELECT * FROM `os_auth`  [ RunTime:0.0010s ]
SQL: SELECT COUNT(*) AS tp_count FROM `os_interdetail` WHERE `request` = 1 LIMIT 1   [ RunTime:0.0111s ]
SQL: SELECT COUNT(*) AS tp_count FROM `os_interdetail` WHERE `request` = 2 LIMIT 1   [ RunTime:0.0024s ]
SQL: SELECT COUNT(*) AS tp_count FROM `os_interdetail` WHERE `request` = 3 LIMIT 1   [ RunTime:0.0017s ]
SQL: select *,count(distinct userId) from os_interdetail group by userId order by times desc [ RunTime:0.0277s ]
SQL: SELECT `province`,`city`,`ip`,`username`,id as userId FROM `os_user` WHERE `id` = 2 LIMIT 1   [ RunTime:0.0044s ]
SQL: SELECT `province`,`city`,`ip`,`username`,id as userId FROM `os_user` WHERE `id` = 76 LIMIT 1   [ RunTime:0.0031s ]
SQL: SELECT `province`,`city`,`ip`,`username`,id as userId FROM `os_user` WHERE `id` = 67 LIMIT 1   [ RunTime:0.0017s ]
SQL: SELECT `province`,`city`,`ip`,`username`,id as userId FROM `os_user` WHERE `id` = 66 LIMIT 1   [ RunTime:0.0074s ]
SQL: SELECT `province`,`city`,`ip`,`username`,id as userId FROM `os_user` WHERE `id` = 65 LIMIT 1   [ RunTime:0.0023s ]
SQL: SELECT `province`,`city`,`ip`,`username`,id as userId FROM `os_user` WHERE `id` = 78 LIMIT 1   [ RunTime:0.0017s ]
SQL: SELECT `province`,`city`,`ip`,`username`,id as userId FROM `os_user` WHERE `id` = 13 LIMIT 1   [ RunTime:0.0068s ]
SQL: SELECT `province`,`city`,`ip`,`username`,id as userId FROM `os_user` WHERE `id` = 1 LIMIT 1   [ RunTime:0.0019s ]
SQL: SELECT `province`,`city`,`ip`,`username`,id as userId FROM `os_user` WHERE `id` = 74 LIMIT 1   [ RunTime:0.0018s ]
SQL: SELECT `province`,`city`,`ip`,`username`,id as userId FROM `os_user` WHERE `id` = 68 LIMIT 1   [ RunTime:0.0045s ]
SQL: SELECT `province`,`city`,`ip`,`username`,id as userId FROM `os_user` WHERE `id` = 18 LIMIT 1   [ RunTime:0.0061s ]
SQL: SELECT `province`,`city`,`ip`,`username`,id as userId FROM `os_user` WHERE `id` = 83 LIMIT 1   [ RunTime:0.0008s ]
SQL: SELECT `province`,`city`,`ip`,`username`,id as userId FROM `os_user` WHERE `id` = 23 LIMIT 1   [ RunTime:0.0015s ]
SQL: SELECT `province`,`city`,`ip`,`username`,id as userId FROM `os_user` WHERE `id` = 77 LIMIT 1   [ RunTime:0.0086s ]
SQL: SELECT `province`,`city`,`ip`,`username`,id as userId FROM `os_user` WHERE `id` = 27 LIMIT 1   [ RunTime:0.0013s ]
SQL: SELECT `province`,`city`,`ip`,`username`,id as userId FROM `os_user` WHERE `id` = 81 LIMIT 1   [ RunTime:0.0009s ]
SQL: SELECT `province`,`city`,`ip`,`username`,id as userId FROM `os_user` WHERE `id` = 72 LIMIT 1   [ RunTime:0.0019s ]
SQL: SELECT `province`,`city`,`ip`,`username`,id as userId FROM `os_user` WHERE `id` = 79 LIMIT 1   [ RunTime:0.0016s ]
SQL: SELECT `province`,`city`,`ip`,`username`,id as userId FROM `os_user` WHERE `id` = 73 LIMIT 1   [ RunTime:0.0021s ]
SQL: SELECT `province`,`city`,`ip`,`username`,id as userId FROM `os_user` WHERE `id` = 70 LIMIT 1   [ RunTime:0.0014s ]
SQL: SELECT `province`,`city`,`ip`,`username`,id as userId FROM `os_user` WHERE `id` = 10 LIMIT 1   [ RunTime:0.0010s ]
SQL: SELECT `province`,`city`,`ip`,`username`,id as userId FROM `os_user` WHERE `id` = 69 LIMIT 1   [ RunTime:0.0011s ]
SQL: SELECT `province`,`city`,`ip`,`username`,id as userId FROM `os_user` WHERE `id` = 16 LIMIT 1   [ RunTime:0.0013s ]
SQL: SELECT `province`,`city`,`ip`,`username`,id as userId FROM `os_user` WHERE `id` = 5 LIMIT 1   [ RunTime:0.0011s ]
SQL: SELECT `province`,`city`,`ip`,`username`,id as userId FROM `os_user` WHERE `id` = 84 LIMIT 1   [ RunTime:0.0012s ]
SQL: SELECT `province`,`city`,`ip`,`username`,id as userId FROM `os_user` WHERE `id` = 42 LIMIT 1   [ RunTime:0.0010s ]
SQL: SELECT `province`,`city`,`ip`,`username`,id as userId FROM `os_user` WHERE `id` = 80 LIMIT 1   [ RunTime:0.0008s ]
SQL: SELECT `province`,`city`,`ip`,`username`,id as userId FROM `os_user` WHERE `id` = 58 LIMIT 1   [ RunTime:0.0017s ]
SQL: SELECT `province`,`city`,`ip`,`username`,id as userId FROM `os_user` WHERE `id` = 7 LIMIT 1   [ RunTime:0.0011s ]
SQL: SELECT `province`,`city`,`ip`,`username`,id as userId FROM `os_user` WHERE `id` = 86 LIMIT 1   [ RunTime:0.0074s ]
SQL: SELECT `province`,`city`,`ip`,`username`,id as userId FROM `os_user` WHERE `id` = 44 LIMIT 1   [ RunTime:0.0013s ]
SQL: SELECT `province`,`city`,`ip`,`username`,id as userId FROM `os_user` WHERE `id` = 14 LIMIT 1   [ RunTime:0.0033s ]
SQL: SELECT `province`,`city`,`ip`,`username`,id as userId FROM `os_user` WHERE `id` = 40 LIMIT 1   [ RunTime:0.0012s ]
SQL: SELECT `province`,`city`,`ip`,`username`,id as userId FROM `os_user` WHERE `id` = 19 LIMIT 1   [ RunTime:0.0027s ]
SQL: SELECT `province`,`city`,`ip`,`username`,id as userId FROM `os_user` WHERE `id` = 51 LIMIT 1   [ RunTime:0.0014s ]
SQL: SELECT `province`,`city`,`ip`,`username`,id as userId FROM `os_user` WHERE `id` = 38 LIMIT 1   [ RunTime:0.0039s ]
SQL: SELECT `province`,`city`,`ip`,`username`,id as userId FROM `os_user` WHERE `id` = 33 LIMIT 1   [ RunTime:0.0026s ]
SQL: SELECT `province`,`city`,`ip`,`username`,id as userId FROM `os_user` WHERE `id` = 24 LIMIT 1   [ RunTime:0.0018s ]
SQL: SELECT `province`,`city`,`ip`,`username`,id as userId FROM `os_user` WHERE `id` = 21 LIMIT 1   [ RunTime:0.0015s ]
SQL: SELECT `province`,`city`,`ip`,`username`,id as userId FROM `os_user` WHERE `id` = 11 LIMIT 1   [ RunTime:0.0026s ]
SQL: SELECT `province`,`city`,`ip`,`username`,id as userId FROM `os_user` WHERE `id` = 20 LIMIT 1   [ RunTime:0.0049s ]
SQL: SELECT `province`,`city`,`ip`,`username`,id as userId FROM `os_user` WHERE `id` = 17 LIMIT 1   [ RunTime:0.0018s ]
SQL: SELECT `province`,`city`,`ip`,`username`,id as userId FROM `os_user` WHERE `id` = 64 LIMIT 1   [ RunTime:0.0010s ]
SQL: SELECT `province`,`city`,`ip`,`username`,id as userId FROM `os_user` WHERE `id` = 60 LIMIT 1   [ RunTime:0.0023s ]
SQL: SELECT `province`,`city`,`ip`,`username`,id as userId FROM `os_user` WHERE `id` = 56 LIMIT 1   [ RunTime:0.0027s ]
SQL: SELECT `province`,`city`,`ip`,`username`,id as userId FROM `os_user` WHERE `id` = 6 LIMIT 1   [ RunTime:0.0049s ]
SQL: SELECT `province`,`city`,`ip`,`username`,id as userId FROM `os_user` WHERE `id` = 52 LIMIT 1   [ RunTime:0.0011s ]
SQL: SELECT `province`,`city`,`ip`,`username`,id as userId FROM `os_user` WHERE `id` = 46 LIMIT 1   [ RunTime:0.0012s ]
SQL: SELECT `province`,`city`,`ip`,`username`,id as userId FROM `os_user` WHERE `id` = 85 LIMIT 1   [ RunTime:0.0010s ]
SQL: SELECT `province`,`city`,`ip`,`username`,id as userId FROM `os_user` WHERE `id` = 43 LIMIT 1   [ RunTime:0.0008s ]
SQL: SELECT `province`,`city`,`ip`,`username`,id as userId FROM `os_user` WHERE `id` = 35 LIMIT 1   [ RunTime:0.0007s ]
SQL: SELECT `province`,`city`,`ip`,`username`,id as userId FROM `os_user` WHERE `id` = 75 LIMIT 1   [ RunTime:0.0006s ]
SQL: SELECT `province`,`city`,`ip`,`username`,id as userId FROM `os_user` WHERE `id` = 26 LIMIT 1   [ RunTime:0.0007s ]
SQL: SELECT `province`,`city`,`ip`,`username`,id as userId FROM `os_user` WHERE `id` = 22 LIMIT 1   [ RunTime:0.0011s ]
SQL: SELECT `province`,`city`,`ip`,`username`,id as userId FROM `os_user` WHERE `id` = 63 LIMIT 1   [ RunTime:0.0007s ]
SQL: SELECT `province`,`city`,`ip`,`username`,id as userId FROM `os_user` WHERE `id` = 59 LIMIT 1   [ RunTime:0.0009s ]
SQL: SELECT `province`,`city`,`ip`,`username`,id as userId FROM `os_user` WHERE `id` = 9 LIMIT 1   [ RunTime:0.0010s ]
SQL: SELECT `province`,`city`,`ip`,`username`,id as userId FROM `os_user` WHERE `id` = 54 LIMIT 1   [ RunTime:0.0013s ]
SQL: SELECT `province`,`city`,`ip`,`username`,id as userId FROM `os_user` WHERE `id` = 87 LIMIT 1   [ RunTime:0.0072s ]
SQL: SELECT `province`,`city`,`ip`,`username`,id as userId FROM `os_user` WHERE `id` = 45 LIMIT 1   [ RunTime:0.0016s ]
SQL: SELECT `province`,`city`,`ip`,`username`,id as userId FROM `os_user` WHERE `id` = 71 LIMIT 1   [ RunTime:0.0011s ]
SQL: SELECT `province`,`city`,`ip`,`username`,id as userId FROM `os_user` WHERE `id` = 15 LIMIT 1   [ RunTime:0.0009s ]
SQL: SELECT `province`,`city`,`ip`,`username`,id as userId FROM `os_user` WHERE `id` = 62 LIMIT 1   [ RunTime:0.0009s ]
SQL: SELECT `province`,`city`,`ip`,`username`,id as userId FROM `os_user` WHERE `id` = 53 LIMIT 1   [ RunTime:0.0015s ]
SQL: SELECT `province`,`city`,`ip`,`username`,id as userId FROM `os_user` WHERE `id` = 3 LIMIT 1   [ RunTime:0.0011s ]
SQL: SELECT `province`,`city`,`ip`,`username`,id as userId FROM `os_user` WHERE `id` = 50 LIMIT 1   [ RunTime:0.0013s ]
SQL: SELECT `province`,`city`,`ip`,`username`,id as userId FROM `os_user` WHERE `id` = 41 LIMIT 1   [ RunTime:0.0010s ]
SQL: SELECT `province`,`city`,`ip`,`username`,id as userId FROM `os_user` WHERE `id` = 37 LIMIT 1   [ RunTime:0.0011s ]
SQL: SELECT * FROM `os_interdetail` ORDER BY time desc LIMIT 10   [ RunTime:0.0038s ]
SQL: SELECT `province`,`city`,`ip`,`username`,id as userId FROM `os_user` WHERE `id` = 6 LIMIT 1   [ RunTime:0.0010s ]
SQL: SELECT `province`,`city`,`ip`,`username`,id as userId FROM `os_user` WHERE `id` = 67 LIMIT 1   [ RunTime:0.0011s ]
SQL: SELECT `province`,`city`,`ip`,`username`,id as userId FROM `os_user` WHERE `id` = 70 LIMIT 1   [ RunTime:0.0010s ]
SQL: SELECT `province`,`city`,`ip`,`username`,id as userId FROM `os_user` WHERE `id` = 86 LIMIT 1   [ RunTime:0.0009s ]
SQL: SELECT `province`,`city`,`ip`,`username`,id as userId FROM `os_user` WHERE `id` = 56 LIMIT 1   [ RunTime:0.0011s ]
SQL: SELECT `province`,`city`,`ip`,`username`,id as userId FROM `os_user` WHERE `id` = 68 LIMIT 1   [ RunTime:0.0009s ]
SQL: SELECT `province`,`city`,`ip`,`username`,id as userId FROM `os_user` WHERE `id` = 78 LIMIT 1   [ RunTime:0.0017s ]
SQL: SELECT `province`,`city`,`ip`,`username`,id as userId FROM `os_user` WHERE `id` = 68 LIMIT 1   [ RunTime:0.0010s ]
SQL: SELECT `province`,`city`,`ip`,`username`,id as userId FROM `os_user` WHERE `id` = 67 LIMIT 1   [ RunTime:0.0009s ]
SQL: SELECT `province`,`city`,`ip`,`username`,id as userId FROM `os_user` WHERE `id` = 9 LIMIT 1   [ RunTime:0.0008s ]

[ 2015-10-14T12:10:09+08:00 ] ::1 /originalsystem/index.php/index/monitor/InitMonitor
INFO: [ app_begin ] --START--
INFO: Run Behavior\ReadHtmlCacheBehavior [ RunTime:0.003513s ]
INFO: [ app_begin ] --END-- [ RunTime:0.004630s ]
SQL: SHOW COLUMNS FROM `os_interdetail` [ RunTime:0.0042s ]
SQL: SELECT COUNT(*) AS tp_count FROM `os_interdetail` WHERE `time` BETWEEN '1444752000<br>' AND '1444795808' LIMIT 1   [ RunTime:0.0010s ]
SQL: SELECT COUNT(*) AS tp_count FROM `os_interdetail` LIMIT 1   [ RunTime:0.0003s ]
SQL: SHOW COLUMNS FROM `os_user` [ RunTime:0.0030s ]
SQL: SELECT COUNT(*) AS tp_count FROM `os_user` LIMIT 1   [ RunTime:0.0003s ]
SQL: SHOW COLUMNS FROM `os_config` [ RunTime:0.0027s ]
SQL: SELECT * FROM `os_config` WHERE ( Conf="MaxUserNum" ) LIMIT 1   [ RunTime:0.0003s ]
SQL: SHOW COLUMNS FROM `os_net` [ RunTime:0.0049s ]
SQL: SELECT COUNT(*) AS tp_count FROM `os_net` LIMIT 1   [ RunTime:0.0004s ]
SQL: SELECT * FROM `os_config` WHERE ( Conf="MaxNetSetting" ) LIMIT 1   [ RunTime:0.0004s ]
SQL: SHOW COLUMNS FROM `os_auth` [ RunTime:0.0029s ]
SQL: SELECT COUNT(*) AS tp_count FROM `os_auth` LIMIT 1   [ RunTime:0.0003s ]
SQL: SELECT * FROM `os_config` WHERE ( Conf="MaxAuthNum" ) LIMIT 1   [ RunTime:0.0003s ]
SQL: SELECT COUNT(*) AS tp_count FROM `os_interdetail` WHERE `time` BETWEEN '1444792208' AND '1444795808' LIMIT 1   [ RunTime:0.0006s ]
SQL: SELECT COUNT(*) AS tp_count FROM `os_interdetail` WHERE `time` BETWEEN '1444788608' AND '1444792208' LIMIT 1   [ RunTime:0.0008s ]
SQL: SELECT COUNT(*) AS tp_count FROM `os_interdetail` WHERE `time` BETWEEN '1444785008' AND '1444788608' LIMIT 1   [ RunTime:0.0012s ]
SQL: SELECT COUNT(*) AS tp_count FROM `os_interdetail` WHERE `time` BETWEEN '1444781408' AND '1444785008' LIMIT 1   [ RunTime:0.0011s ]
SQL: SELECT COUNT(*) AS tp_count FROM `os_interdetail` WHERE `time` BETWEEN '1444777808' AND '1444781408' LIMIT 1   [ RunTime:0.0009s ]
SQL: SELECT COUNT(*) AS tp_count FROM `os_interdetail` WHERE `time` BETWEEN '1444774208' AND '1444777808' LIMIT 1   [ RunTime:0.0013s ]
SQL: SELECT COUNT(*) AS tp_count FROM `os_interdetail` WHERE `time` BETWEEN '1444770608' AND '1444774208' LIMIT 1   [ RunTime:0.0011s ]
SQL: SELECT COUNT(*) AS tp_count FROM `os_interdetail` WHERE `time` BETWEEN '1444767008' AND '1444770608' LIMIT 1   [ RunTime:0.0010s ]
SQL: SELECT COUNT(*) AS tp_count FROM `os_interdetail` WHERE `time` BETWEEN '1444763408' AND '1444767008' LIMIT 1   [ RunTime:0.0009s ]
SQL: SELECT COUNT(*) AS tp_count FROM `os_interdetail` WHERE `time` BETWEEN '1444759808' AND '1444763408' LIMIT 1   [ RunTime:0.0006s ]
SQL: SELECT COUNT(*) AS tp_count FROM `os_interdetail` WHERE `time` BETWEEN '1444756208' AND '1444759808' LIMIT 1   [ RunTime:0.0009s ]
SQL: SELECT COUNT(*) AS tp_count FROM `os_interdetail` WHERE `time` BETWEEN '1444752608' AND '1444756208' LIMIT 1   [ RunTime:0.0008s ]
SQL: SELECT COUNT(*) AS tp_count FROM `os_interdetail` WHERE `time` BETWEEN '1444749008' AND '1444752608' LIMIT 1   [ RunTime:0.0005s ]
SQL: SELECT COUNT(*) AS tp_count FROM `os_interdetail` WHERE `time` BETWEEN '1444745408' AND '1444749008' LIMIT 1   [ RunTime:0.0007s ]
SQL: SELECT COUNT(*) AS tp_count FROM `os_interdetail` WHERE `time` BETWEEN '1444741808' AND '1444745408' LIMIT 1   [ RunTime:0.0008s ]
SQL: SELECT COUNT(*) AS tp_count FROM `os_interdetail` WHERE `time` BETWEEN '1444738208' AND '1444741808' LIMIT 1   [ RunTime:0.0008s ]
SQL: SELECT COUNT(*) AS tp_count FROM `os_interdetail` WHERE `time` BETWEEN '1444734608' AND '1444738208' LIMIT 1   [ RunTime:0.0012s ]
SQL: SELECT COUNT(*) AS tp_count FROM `os_interdetail` WHERE `time` BETWEEN '1444731008' AND '1444734608' LIMIT 1   [ RunTime:0.0015s ]
SQL: SELECT COUNT(*) AS tp_count FROM `os_interdetail` WHERE `time` BETWEEN '1444727408' AND '1444731008' LIMIT 1   [ RunTime:0.0008s ]
SQL: SELECT COUNT(*) AS tp_count FROM `os_interdetail` WHERE `time` BETWEEN '1444723808' AND '1444727408' LIMIT 1   [ RunTime:0.0010s ]
SQL: SELECT COUNT(*) AS tp_count FROM `os_interdetail` WHERE `time` BETWEEN '1444720208' AND '1444723808' LIMIT 1   [ RunTime:0.0007s ]
SQL: SELECT COUNT(*) AS tp_count FROM `os_interdetail` WHERE `time` BETWEEN '1444716608' AND '1444720208' LIMIT 1   [ RunTime:0.0006s ]
SQL: SELECT COUNT(*) AS tp_count FROM `os_interdetail` WHERE `time` BETWEEN '1444713008' AND '1444716608' LIMIT 1   [ RunTime:0.0006s ]
SQL: SELECT COUNT(*) AS tp_count FROM `os_interdetail` WHERE `time` BETWEEN '1444709408' AND '1444713008' LIMIT 1   [ RunTime:0.0005s ]
SQL: SELECT COUNT(*) AS tp_count FROM `os_interdetail` WHERE `time` BETWEEN '1444705808' AND '1444709408' LIMIT 1   [ RunTime:0.0007s ]
SQL: SELECT * FROM `os_auth`  [ RunTime:0.0003s ]
SQL: SELECT COUNT(*) AS tp_count FROM `os_interdetail` WHERE `request` = 1 LIMIT 1   [ RunTime:0.0007s ]
SQL: SELECT COUNT(*) AS tp_count FROM `os_interdetail` WHERE `request` = 2 LIMIT 1   [ RunTime:0.0007s ]
SQL: SELECT COUNT(*) AS tp_count FROM `os_interdetail` WHERE `request` = 3 LIMIT 1   [ RunTime:0.0006s ]
SQL: select *,count(distinct userId) from os_interdetail group by userId order by times desc [ RunTime:0.0026s ]
SQL: SELECT `province`,`city`,`ip`,`username`,id as userId FROM `os_user` WHERE `id` = 2 LIMIT 1   [ RunTime:0.0004s ]
SQL: SELECT `province`,`city`,`ip`,`username`,id as userId FROM `os_user` WHERE `id` = 76 LIMIT 1   [ RunTime:0.0003s ]
SQL: SELECT `province`,`city`,`ip`,`username`,id as userId FROM `os_user` WHERE `id` = 67 LIMIT 1   [ RunTime:0.0004s ]
SQL: SELECT `province`,`city`,`ip`,`username`,id as userId FROM `os_user` WHERE `id` = 66 LIMIT 1   [ RunTime:0.0003s ]
SQL: SELECT `province`,`city`,`ip`,`username`,id as userId FROM `os_user` WHERE `id` = 65 LIMIT 1   [ RunTime:0.0003s ]
SQL: SELECT `province`,`city`,`ip`,`username`,id as userId FROM `os_user` WHERE `id` = 78 LIMIT 1   [ RunTime:0.0002s ]
SQL: SELECT `province`,`city`,`ip`,`username`,id as userId FROM `os_user` WHERE `id` = 13 LIMIT 1   [ RunTime:0.0003s ]
SQL: SELECT `province`,`city`,`ip`,`username`,id as userId FROM `os_user` WHERE `id` = 1 LIMIT 1   [ RunTime:0.0002s ]
SQL: SELECT `province`,`city`,`ip`,`username`,id as userId FROM `os_user` WHERE `id` = 74 LIMIT 1   [ RunTime:0.0002s ]
SQL: SELECT `province`,`city`,`ip`,`username`,id as userId FROM `os_user` WHERE `id` = 68 LIMIT 1   [ RunTime:0.0002s ]
SQL: SELECT `province`,`city`,`ip`,`username`,id as userId FROM `os_user` WHERE `id` = 18 LIMIT 1   [ RunTime:0.0002s ]
SQL: SELECT `province`,`city`,`ip`,`username`,id as userId FROM `os_user` WHERE `id` = 83 LIMIT 1   [ RunTime:0.0002s ]
SQL: SELECT `province`,`city`,`ip`,`username`,id as userId FROM `os_user` WHERE `id` = 23 LIMIT 1   [ RunTime:0.0003s ]
SQL: SELECT `province`,`city`,`ip`,`username`,id as userId FROM `os_user` WHERE `id` = 77 LIMIT 1   [ RunTime:0.0003s ]
SQL: SELECT `province`,`city`,`ip`,`username`,id as userId FROM `os_user` WHERE `id` = 27 LIMIT 1   [ RunTime:0.0002s ]
SQL: SELECT `province`,`city`,`ip`,`username`,id as userId FROM `os_user` WHERE `id` = 81 LIMIT 1   [ RunTime:0.0002s ]
SQL: SELECT `province`,`city`,`ip`,`username`,id as userId FROM `os_user` WHERE `id` = 72 LIMIT 1   [ RunTime:0.0002s ]
SQL: SELECT `province`,`city`,`ip`,`username`,id as userId FROM `os_user` WHERE `id` = 79 LIMIT 1   [ RunTime:0.0003s ]
SQL: SELECT `province`,`city`,`ip`,`username`,id as userId FROM `os_user` WHERE `id` = 73 LIMIT 1   [ RunTime:0.0005s ]
SQL: SELECT `province`,`city`,`ip`,`username`,id as userId FROM `os_user` WHERE `id` = 70 LIMIT 1   [ RunTime:0.0004s ]
SQL: SELECT `province`,`city`,`ip`,`username`,id as userId FROM `os_user` WHERE `id` = 10 LIMIT 1   [ RunTime:0.0003s ]
SQL: SELECT `province`,`city`,`ip`,`username`,id as userId FROM `os_user` WHERE `id` = 69 LIMIT 1   [ RunTime:0.0005s ]
SQL: SELECT `province`,`city`,`ip`,`username`,id as userId FROM `os_user` WHERE `id` = 16 LIMIT 1   [ RunTime:0.0006s ]
SQL: SELECT `province`,`city`,`ip`,`username`,id as userId FROM `os_user` WHERE `id` = 5 LIMIT 1   [ RunTime:0.0003s ]
SQL: SELECT `province`,`city`,`ip`,`username`,id as userId FROM `os_user` WHERE `id` = 84 LIMIT 1   [ RunTime:0.0003s ]
SQL: SELECT `province`,`city`,`ip`,`username`,id as userId FROM `os_user` WHERE `id` = 42 LIMIT 1   [ RunTime:0.0003s ]
SQL: SELECT `province`,`city`,`ip`,`username`,id as userId FROM `os_user` WHERE `id` = 80 LIMIT 1   [ RunTime:0.0002s ]
SQL: SELECT `province`,`city`,`ip`,`username`,id as userId FROM `os_user` WHERE `id` = 58 LIMIT 1   [ RunTime:0.0003s ]
SQL: SELECT `province`,`city`,`ip`,`username`,id as userId FROM `os_user` WHERE `id` = 7 LIMIT 1   [ RunTime:0.0003s ]
SQL: SELECT `province`,`city`,`ip`,`username`,id as userId FROM `os_user` WHERE `id` = 86 LIMIT 1   [ RunTime:0.0003s ]
SQL: SELECT `province`,`city`,`ip`,`username`,id as userId FROM `os_user` WHERE `id` = 44 LIMIT 1   [ RunTime:0.0003s ]
SQL: SELECT `province`,`city`,`ip`,`username`,id as userId FROM `os_user` WHERE `id` = 14 LIMIT 1   [ RunTime:0.0003s ]
SQL: SELECT `province`,`city`,`ip`,`username`,id as userId FROM `os_user` WHERE `id` = 40 LIMIT 1   [ RunTime:0.0003s ]
SQL: SELECT `province`,`city`,`ip`,`username`,id as userId FROM `os_user` WHERE `id` = 19 LIMIT 1   [ RunTime:0.0003s ]
SQL: SELECT `province`,`city`,`ip`,`username`,id as userId FROM `os_user` WHERE `id` = 51 LIMIT 1   [ RunTime:0.0003s ]
SQL: SELECT `province`,`city`,`ip`,`username`,id as userId FROM `os_user` WHERE `id` = 38 LIMIT 1   [ RunTime:0.0003s ]
SQL: SELECT `province`,`city`,`ip`,`username`,id as userId FROM `os_user` WHERE `id` = 33 LIMIT 1   [ RunTime:0.0003s ]
SQL: SELECT `province`,`city`,`ip`,`username`,id as userId FROM `os_user` WHERE `id` = 24 LIMIT 1   [ RunTime:0.0004s ]
SQL: SELECT `province`,`city`,`ip`,`username`,id as userId FROM `os_user` WHERE `id` = 21 LIMIT 1   [ RunTime:0.0004s ]
SQL: SELECT `province`,`city`,`ip`,`username`,id as userId FROM `os_user` WHERE `id` = 11 LIMIT 1   [ RunTime:0.0007s ]
SQL: SELECT `province`,`city`,`ip`,`username`,id as userId FROM `os_user` WHERE `id` = 20 LIMIT 1   [ RunTime:0.0004s ]
SQL: SELECT `province`,`city`,`ip`,`username`,id as userId FROM `os_user` WHERE `id` = 17 LIMIT 1   [ RunTime:0.0004s ]
SQL: SELECT `province`,`city`,`ip`,`username`,id as userId FROM `os_user` WHERE `id` = 64 LIMIT 1   [ RunTime:0.0003s ]
SQL: SELECT `province`,`city`,`ip`,`username`,id as userId FROM `os_user` WHERE `id` = 60 LIMIT 1   [ RunTime:0.0003s ]
SQL: SELECT `province`,`city`,`ip`,`username`,id as userId FROM `os_user` WHERE `id` = 56 LIMIT 1   [ RunTime:0.0004s ]
SQL: SELECT `province`,`city`,`ip`,`username`,id as userId FROM `os_user` WHERE `id` = 6 LIMIT 1   [ RunTime:0.0003s ]
SQL: SELECT `province`,`city`,`ip`,`username`,id as userId FROM `os_user` WHERE `id` = 52 LIMIT 1   [ RunTime:0.0003s ]
SQL: SELECT `province`,`city`,`ip`,`username`,id as userId FROM `os_user` WHERE `id` = 46 LIMIT 1   [ RunTime:0.0003s ]
SQL: SELECT `province`,`city`,`ip`,`username`,id as userId FROM `os_user` WHERE `id` = 85 LIMIT 1   [ RunTime:0.0003s ]
SQL: SELECT `province`,`city`,`ip`,`username`,id as userId FROM `os_user` WHERE `id` = 43 LIMIT 1   [ RunTime:0.0003s ]
SQL: SELECT `province`,`city`,`ip`,`username`,id as userId FROM `os_user` WHERE `id` = 35 LIMIT 1   [ RunTime:0.0003s ]
SQL: SELECT `province`,`city`,`ip`,`username`,id as userId FROM `os_user` WHERE `id` = 75 LIMIT 1   [ RunTime:0.0003s ]
SQL: SELECT `province`,`city`,`ip`,`username`,id as userId FROM `os_user` WHERE `id` = 26 LIMIT 1   [ RunTime:0.0003s ]
SQL: SELECT `province`,`city`,`ip`,`username`,id as userId FROM `os_user` WHERE `id` = 22 LIMIT 1   [ RunTime:0.0003s ]
SQL: SELECT `province`,`city`,`ip`,`username`,id as userId FROM `os_user` WHERE `id` = 63 LIMIT 1   [ RunTime:0.0003s ]
SQL: SELECT `province`,`city`,`ip`,`username`,id as userId FROM `os_user` WHERE `id` = 59 LIMIT 1   [ RunTime:0.0003s ]
SQL: SELECT `province`,`city`,`ip`,`username`,id as userId FROM `os_user` WHERE `id` = 9 LIMIT 1   [ RunTime:0.0003s ]
SQL: SELECT `province`,`city`,`ip`,`username`,id as userId FROM `os_user` WHERE `id` = 54 LIMIT 1   [ RunTime:0.0003s ]
SQL: SELECT `province`,`city`,`ip`,`username`,id as userId FROM `os_user` WHERE `id` = 87 LIMIT 1   [ RunTime:0.0003s ]
SQL: SELECT `province`,`city`,`ip`,`username`,id as userId FROM `os_user` WHERE `id` = 45 LIMIT 1   [ RunTime:0.0003s ]
SQL: SELECT `province`,`city`,`ip`,`username`,id as userId FROM `os_user` WHERE `id` = 71 LIMIT 1   [ RunTime:0.0003s ]
SQL: SELECT `province`,`city`,`ip`,`username`,id as userId FROM `os_user` WHERE `id` = 15 LIMIT 1   [ RunTime:0.0003s ]
SQL: SELECT `province`,`city`,`ip`,`username`,id as userId FROM `os_user` WHERE `id` = 62 LIMIT 1   [ RunTime:0.0003s ]
SQL: SELECT `province`,`city`,`ip`,`username`,id as userId FROM `os_user` WHERE `id` = 53 LIMIT 1   [ RunTime:0.0003s ]
SQL: SELECT `province`,`city`,`ip`,`username`,id as userId FROM `os_user` WHERE `id` = 3 LIMIT 1   [ RunTime:0.0003s ]
SQL: SELECT `province`,`city`,`ip`,`username`,id as userId FROM `os_user` WHERE `id` = 50 LIMIT 1   [ RunTime:0.0003s ]
SQL: SELECT `province`,`city`,`ip`,`username`,id as userId FROM `os_user` WHERE `id` = 41 LIMIT 1   [ RunTime:0.0004s ]
SQL: SELECT `province`,`city`,`ip`,`username`,id as userId FROM `os_user` WHERE `id` = 37 LIMIT 1   [ RunTime:0.0020s ]
SQL: SELECT * FROM `os_interdetail` ORDER BY time desc LIMIT 10   [ RunTime:0.0015s ]
SQL: SELECT `province`,`city`,`ip`,`username`,id as userId FROM `os_user` WHERE `id` = 6 LIMIT 1   [ RunTime:0.0003s ]
SQL: SELECT `province`,`city`,`ip`,`username`,id as userId FROM `os_user` WHERE `id` = 67 LIMIT 1   [ RunTime:0.0003s ]
SQL: SELECT `province`,`city`,`ip`,`username`,id as userId FROM `os_user` WHERE `id` = 70 LIMIT 1   [ RunTime:0.0003s ]
SQL: SELECT `province`,`city`,`ip`,`username`,id as userId FROM `os_user` WHERE `id` = 86 LIMIT 1   [ RunTime:0.0003s ]
SQL: SELECT `province`,`city`,`ip`,`username`,id as userId FROM `os_user` WHERE `id` = 56 LIMIT 1   [ RunTime:0.0005s ]
SQL: SELECT `province`,`city`,`ip`,`username`,id as userId FROM `os_user` WHERE `id` = 68 LIMIT 1   [ RunTime:0.0004s ]
SQL: SELECT `province`,`city`,`ip`,`username`,id as userId FROM `os_user` WHERE `id` = 78 LIMIT 1   [ RunTime:0.0004s ]
SQL: SELECT `province`,`city`,`ip`,`username`,id as userId FROM `os_user` WHERE `id` = 68 LIMIT 1   [ RunTime:0.0005s ]
SQL: SELECT `province`,`city`,`ip`,`username`,id as userId FROM `os_user` WHERE `id` = 67 LIMIT 1   [ RunTime:0.0004s ]
SQL: SELECT `province`,`city`,`ip`,`username`,id as userId FROM `os_user` WHERE `id` = 9 LIMIT 1   [ RunTime:0.0004s ]

[ 2015-10-14T12:10:21+08:00 ] ::1 /originalsystem/index.php/index/monitor/InitMonitor
INFO: [ app_begin ] --START--
INFO: Run Behavior\ReadHtmlCacheBehavior [ RunTime:0.000748s ]
INFO: [ app_begin ] --END-- [ RunTime:0.001198s ]
SQL: SHOW COLUMNS FROM `os_interdetail` [ RunTime:0.0039s ]
SQL: SELECT COUNT(*) AS tp_count FROM `os_interdetail` WHERE `time` BETWEEN '1444752000<br>' AND '1444795821' LIMIT 1   [ RunTime:0.0007s ]
SQL: SELECT COUNT(*) AS tp_count FROM `os_interdetail` LIMIT 1   [ RunTime:0.0005s ]
SQL: SHOW COLUMNS FROM `os_user` [ RunTime:0.0042s ]
SQL: SELECT COUNT(*) AS tp_count FROM `os_user` LIMIT 1   [ RunTime:0.0003s ]
SQL: SHOW COLUMNS FROM `os_config` [ RunTime:0.0029s ]
SQL: SELECT * FROM `os_config` WHERE ( Conf="MaxUserNum" ) LIMIT 1   [ RunTime:0.0004s ]
SQL: SHOW COLUMNS FROM `os_net` [ RunTime:0.0030s ]
SQL: SELECT COUNT(*) AS tp_count FROM `os_net` LIMIT 1   [ RunTime:0.0004s ]
SQL: SELECT * FROM `os_config` WHERE ( Conf="MaxNetSetting" ) LIMIT 1   [ RunTime:0.0004s ]
SQL: SHOW COLUMNS FROM `os_auth` [ RunTime:0.0035s ]
SQL: SELECT COUNT(*) AS tp_count FROM `os_auth` LIMIT 1   [ RunTime:0.0003s ]
SQL: SELECT * FROM `os_config` WHERE ( Conf="MaxAuthNum" ) LIMIT 1   [ RunTime:0.0004s ]
SQL: SELECT COUNT(*) AS tp_count FROM `os_interdetail` WHERE `time` BETWEEN '1444792221' AND '1444795821' LIMIT 1   [ RunTime:0.0006s ]
SQL: SELECT COUNT(*) AS tp_count FROM `os_interdetail` WHERE `time` BETWEEN '1444788621' AND '1444792221' LIMIT 1   [ RunTime:0.0005s ]
SQL: SELECT COUNT(*) AS tp_count FROM `os_interdetail` WHERE `time` BETWEEN '1444785021' AND '1444788621' LIMIT 1   [ RunTime:0.0005s ]
SQL: SELECT COUNT(*) AS tp_count FROM `os_interdetail` WHERE `time` BETWEEN '1444781421' AND '1444785021' LIMIT 1   [ RunTime:0.0007s ]
SQL: SELECT COUNT(*) AS tp_count FROM `os_interdetail` WHERE `time` BETWEEN '1444777821' AND '1444781421' LIMIT 1   [ RunTime:0.0008s ]
SQL: SELECT COUNT(*) AS tp_count FROM `os_interdetail` WHERE `time` BETWEEN '1444774221' AND '1444777821' LIMIT 1   [ RunTime:0.0007s ]
SQL: SELECT COUNT(*) AS tp_count FROM `os_interdetail` WHERE `time` BETWEEN '1444770621' AND '1444774221' LIMIT 1   [ RunTime:0.0007s ]
SQL: SELECT COUNT(*) AS tp_count FROM `os_interdetail` WHERE `time` BETWEEN '1444767021' AND '1444770621' LIMIT 1   [ RunTime:0.0020s ]
SQL: SELECT COUNT(*) AS tp_count FROM `os_interdetail` WHERE `time` BETWEEN '1444763421' AND '1444767021' LIMIT 1   [ RunTime:0.0005s ]
SQL: SELECT COUNT(*) AS tp_count FROM `os_interdetail` WHERE `time` BETWEEN '1444759821' AND '1444763421' LIMIT 1   [ RunTime:0.0004s ]
SQL: SELECT COUNT(*) AS tp_count FROM `os_interdetail` WHERE `time` BETWEEN '1444756221' AND '1444759821' LIMIT 1   [ RunTime:0.0004s ]
SQL: SELECT COUNT(*) AS tp_count FROM `os_interdetail` WHERE `time` BETWEEN '1444752621' AND '1444756221' LIMIT 1   [ RunTime:0.0004s ]
SQL: SELECT COUNT(*) AS tp_count FROM `os_interdetail` WHERE `time` BETWEEN '1444749021' AND '1444752621' LIMIT 1   [ RunTime:0.0004s ]
SQL: SELECT COUNT(*) AS tp_count FROM `os_interdetail` WHERE `time` BETWEEN '1444745421' AND '1444749021' LIMIT 1   [ RunTime:0.0004s ]
SQL: SELECT COUNT(*) AS tp_count FROM `os_interdetail` WHERE `time` BETWEEN '1444741821' AND '1444745421' LIMIT 1   [ RunTime:0.0004s ]
SQL: SELECT COUNT(*) AS tp_count FROM `os_interdetail` WHERE `time` BETWEEN '1444738221' AND '1444741821' LIMIT 1   [ RunTime:0.0004s ]
SQL: SELECT COUNT(*) AS tp_count FROM `os_interdetail` WHERE `time` BETWEEN '1444734621' AND '1444738221' LIMIT 1   [ RunTime:0.0004s ]
SQL: SELECT COUNT(*) AS tp_count FROM `os_interdetail` WHERE `time` BETWEEN '1444731021' AND '1444734621' LIMIT 1   [ RunTime:0.0004s ]
SQL: SELECT COUNT(*) AS tp_count FROM `os_interdetail` WHERE `time` BETWEEN '1444727421' AND '1444731021' LIMIT 1   [ RunTime:0.0004s ]
SQL: SELECT COUNT(*) AS tp_count FROM `os_interdetail` WHERE `time` BETWEEN '1444723821' AND '1444727421' LIMIT 1   [ RunTime:0.0004s ]
SQL: SELECT COUNT(*) AS tp_count FROM `os_interdetail` WHERE `time` BETWEEN '1444720221' AND '1444723821' LIMIT 1   [ RunTime:0.0004s ]
SQL: SELECT COUNT(*) AS tp_count FROM `os_interdetail` WHERE `time` BETWEEN '1444716621' AND '1444720221' LIMIT 1   [ RunTime:0.0004s ]
SQL: SELECT COUNT(*) AS tp_count FROM `os_interdetail` WHERE `time` BETWEEN '1444713021' AND '1444716621' LIMIT 1   [ RunTime:0.0005s ]
SQL: SELECT COUNT(*) AS tp_count FROM `os_interdetail` WHERE `time` BETWEEN '1444709421' AND '1444713021' LIMIT 1   [ RunTime:0.0005s ]
SQL: SELECT COUNT(*) AS tp_count FROM `os_interdetail` WHERE `time` BETWEEN '1444705821' AND '1444709421' LIMIT 1   [ RunTime:0.0007s ]
SQL: SELECT * FROM `os_auth`  [ RunTime:0.0004s ]
SQL: SELECT COUNT(*) AS tp_count FROM `os_interdetail` WHERE `request` = 1 LIMIT 1   [ RunTime:0.0006s ]
SQL: SELECT COUNT(*) AS tp_count FROM `os_interdetail` WHERE `request` = 2 LIMIT 1   [ RunTime:0.0004s ]
SQL: SELECT COUNT(*) AS tp_count FROM `os_interdetail` WHERE `request` = 3 LIMIT 1   [ RunTime:0.0005s ]
SQL: select *,count(distinct userId) from os_interdetail group by userId order by times desc [ RunTime:0.0025s ]
SQL: SELECT `province`,`city`,`ip`,`username`,id as userId FROM `os_user` WHERE `id` = 2 LIMIT 1   [ RunTime:0.0005s ]
SQL: SELECT `province`,`city`,`ip`,`username`,id as userId FROM `os_user` WHERE `id` = 76 LIMIT 1   [ RunTime:0.0004s ]
SQL: SELECT `province`,`city`,`ip`,`username`,id as userId FROM `os_user` WHERE `id` = 67 LIMIT 1   [ RunTime:0.0004s ]
SQL: SELECT `province`,`city`,`ip`,`username`,id as userId FROM `os_user` WHERE `id` = 66 LIMIT 1   [ RunTime:0.0003s ]
SQL: SELECT `province`,`city`,`ip`,`username`,id as userId FROM `os_user` WHERE `id` = 65 LIMIT 1   [ RunTime:0.0003s ]
SQL: SELECT `province`,`city`,`ip`,`username`,id as userId FROM `os_user` WHERE `id` = 78 LIMIT 1   [ RunTime:0.0004s ]
SQL: SELECT `province`,`city`,`ip`,`username`,id as userId FROM `os_user` WHERE `id` = 13 LIMIT 1   [ RunTime:0.0004s ]
SQL: SELECT `province`,`city`,`ip`,`username`,id as userId FROM `os_user` WHERE `id` = 1 LIMIT 1   [ RunTime:0.0003s ]
SQL: SELECT `province`,`city`,`ip`,`username`,id as userId FROM `os_user` WHERE `id` = 74 LIMIT 1   [ RunTime:0.0003s ]
SQL: SELECT `province`,`city`,`ip`,`username`,id as userId FROM `os_user` WHERE `id` = 68 LIMIT 1   [ RunTime:0.0003s ]
SQL: SELECT `province`,`city`,`ip`,`username`,id as userId FROM `os_user` WHERE `id` = 18 LIMIT 1   [ RunTime:0.0003s ]
SQL: SELECT `province`,`city`,`ip`,`username`,id as userId FROM `os_user` WHERE `id` = 83 LIMIT 1   [ RunTime:0.0002s ]
SQL: SELECT `province`,`city`,`ip`,`username`,id as userId FROM `os_user` WHERE `id` = 23 LIMIT 1   [ RunTime:0.0002s ]
SQL: SELECT `province`,`city`,`ip`,`username`,id as userId FROM `os_user` WHERE `id` = 77 LIMIT 1   [ RunTime:0.0002s ]
SQL: SELECT `province`,`city`,`ip`,`username`,id as userId FROM `os_user` WHERE `id` = 27 LIMIT 1   [ RunTime:0.0003s ]
SQL: SELECT `province`,`city`,`ip`,`username`,id as userId FROM `os_user` WHERE `id` = 81 LIMIT 1   [ RunTime:0.0005s ]
SQL: SELECT `province`,`city`,`ip`,`username`,id as userId FROM `os_user` WHERE `id` = 72 LIMIT 1   [ RunTime:0.0004s ]
SQL: SELECT `province`,`city`,`ip`,`username`,id as userId FROM `os_user` WHERE `id` = 79 LIMIT 1   [ RunTime:0.0019s ]
SQL: SELECT `province`,`city`,`ip`,`username`,id as userId FROM `os_user` WHERE `id` = 73 LIMIT 1   [ RunTime:0.0003s ]
SQL: SELECT `province`,`city`,`ip`,`username`,id as userId FROM `os_user` WHERE `id` = 70 LIMIT 1   [ RunTime:0.0003s ]
SQL: SELECT `province`,`city`,`ip`,`username`,id as userId FROM `os_user` WHERE `id` = 10 LIMIT 1   [ RunTime:0.0003s ]
SQL: SELECT `province`,`city`,`ip`,`username`,id as userId FROM `os_user` WHERE `id` = 69 LIMIT 1   [ RunTime:0.0003s ]
SQL: SELECT `province`,`city`,`ip`,`username`,id as userId FROM `os_user` WHERE `id` = 16 LIMIT 1   [ RunTime:0.0003s ]
SQL: SELECT `province`,`city`,`ip`,`username`,id as userId FROM `os_user` WHERE `id` = 5 LIMIT 1   [ RunTime:0.0003s ]
SQL: SELECT `province`,`city`,`ip`,`username`,id as userId FROM `os_user` WHERE `id` = 84 LIMIT 1   [ RunTime:0.0003s ]
SQL: SELECT `province`,`city`,`ip`,`username`,id as userId FROM `os_user` WHERE `id` = 42 LIMIT 1   [ RunTime:0.0003s ]
SQL: SELECT `province`,`city`,`ip`,`username`,id as userId FROM `os_user` WHERE `id` = 80 LIMIT 1   [ RunTime:0.0003s ]
SQL: SELECT `province`,`city`,`ip`,`username`,id as userId FROM `os_user` WHERE `id` = 58 LIMIT 1   [ RunTime:0.0003s ]
SQL: SELECT `province`,`city`,`ip`,`username`,id as userId FROM `os_user` WHERE `id` = 7 LIMIT 1   [ RunTime:0.0003s ]
SQL: SELECT `province`,`city`,`ip`,`username`,id as userId FROM `os_user` WHERE `id` = 86 LIMIT 1   [ RunTime:0.0003s ]
SQL: SELECT `province`,`city`,`ip`,`username`,id as userId FROM `os_user` WHERE `id` = 44 LIMIT 1   [ RunTime:0.0003s ]
SQL: SELECT `province`,`city`,`ip`,`username`,id as userId FROM `os_user` WHERE `id` = 14 LIMIT 1   [ RunTime:0.0003s ]
SQL: SELECT `province`,`city`,`ip`,`username`,id as userId FROM `os_user` WHERE `id` = 40 LIMIT 1   [ RunTime:0.0003s ]
SQL: SELECT `province`,`city`,`ip`,`username`,id as userId FROM `os_user` WHERE `id` = 19 LIMIT 1   [ RunTime:0.0004s ]
SQL: SELECT `province`,`city`,`ip`,`username`,id as userId FROM `os_user` WHERE `id` = 51 LIMIT 1   [ RunTime:0.0003s ]
SQL: SELECT `province`,`city`,`ip`,`username`,id as userId FROM `os_user` WHERE `id` = 38 LIMIT 1   [ RunTime:0.0003s ]
SQL: SELECT `province`,`city`,`ip`,`username`,id as userId FROM `os_user` WHERE `id` = 33 LIMIT 1   [ RunTime:0.0002s ]
SQL: SELECT `province`,`city`,`ip`,`username`,id as userId FROM `os_user` WHERE `id` = 24 LIMIT 1   [ RunTime:0.0002s ]
SQL: SELECT `province`,`city`,`ip`,`username`,id as userId FROM `os_user` WHERE `id` = 21 LIMIT 1   [ RunTime:0.0004s ]
SQL: SELECT `province`,`city`,`ip`,`username`,id as userId FROM `os_user` WHERE `id` = 11 LIMIT 1   [ RunTime:0.0004s ]
SQL: SELECT `province`,`city`,`ip`,`username`,id as userId FROM `os_user` WHERE `id` = 20 LIMIT 1   [ RunTime:0.0004s ]
SQL: SELECT `province`,`city`,`ip`,`username`,id as userId FROM `os_user` WHERE `id` = 17 LIMIT 1   [ RunTime:0.0003s ]
SQL: SELECT `province`,`city`,`ip`,`username`,id as userId FROM `os_user` WHERE `id` = 64 LIMIT 1   [ RunTime:0.0003s ]
SQL: SELECT `province`,`city`,`ip`,`username`,id as userId FROM `os_user` WHERE `id` = 60 LIMIT 1   [ RunTime:0.0003s ]
SQL: SELECT `province`,`city`,`ip`,`username`,id as userId FROM `os_user` WHERE `id` = 56 LIMIT 1   [ RunTime:0.0003s ]
SQL: SELECT `province`,`city`,`ip`,`username`,id as userId FROM `os_user` WHERE `id` = 6 LIMIT 1   [ RunTime:0.0003s ]
SQL: SELECT `province`,`city`,`ip`,`username`,id as userId FROM `os_user` WHERE `id` = 52 LIMIT 1   [ RunTime:0.0004s ]
SQL: SELECT `province`,`city`,`ip`,`username`,id as userId FROM `os_user` WHERE `id` = 46 LIMIT 1   [ RunTime:0.0004s ]
SQL: SELECT `province`,`city`,`ip`,`username`,id as userId FROM `os_user` WHERE `id` = 85 LIMIT 1   [ RunTime:0.0004s ]
SQL: SELECT `province`,`city`,`ip`,`username`,id as userId FROM `os_user` WHERE `id` = 43 LIMIT 1   [ RunTime:0.0004s ]
SQL: SELECT `province`,`city`,`ip`,`username`,id as userId FROM `os_user` WHERE `id` = 35 LIMIT 1   [ RunTime:0.0004s ]
SQL: SELECT `province`,`city`,`ip`,`username`,id as userId FROM `os_user` WHERE `id` = 75 LIMIT 1   [ RunTime:0.0003s ]
SQL: SELECT `province`,`city`,`ip`,`username`,id as userId FROM `os_user` WHERE `id` = 26 LIMIT 1   [ RunTime:0.0004s ]
SQL: SELECT `province`,`city`,`ip`,`username`,id as userId FROM `os_user` WHERE `id` = 22 LIMIT 1   [ RunTime:0.0004s ]
SQL: SELECT `province`,`city`,`ip`,`username`,id as userId FROM `os_user` WHERE `id` = 63 LIMIT 1   [ RunTime:0.0003s ]
SQL: SELECT `province`,`city`,`ip`,`username`,id as userId FROM `os_user` WHERE `id` = 59 LIMIT 1   [ RunTime:0.0004s ]
SQL: SELECT `province`,`city`,`ip`,`username`,id as userId FROM `os_user` WHERE `id` = 9 LIMIT 1   [ RunTime:0.0004s ]
SQL: SELECT `province`,`city`,`ip`,`username`,id as userId FROM `os_user` WHERE `id` = 54 LIMIT 1   [ RunTime:0.0003s ]
SQL: SELECT `province`,`city`,`ip`,`username`,id as userId FROM `os_user` WHERE `id` = 87 LIMIT 1   [ RunTime:0.0003s ]
SQL: SELECT `province`,`city`,`ip`,`username`,id as userId FROM `os_user` WHERE `id` = 45 LIMIT 1   [ RunTime:0.0003s ]
SQL: SELECT `province`,`city`,`ip`,`username`,id as userId FROM `os_user` WHERE `id` = 71 LIMIT 1   [ RunTime:0.0003s ]
SQL: SELECT `province`,`city`,`ip`,`username`,id as userId FROM `os_user` WHERE `id` = 15 LIMIT 1   [ RunTime:0.0003s ]
SQL: SELECT `province`,`city`,`ip`,`username`,id as userId FROM `os_user` WHERE `id` = 62 LIMIT 1   [ RunTime:0.0003s ]
SQL: SELECT `province`,`city`,`ip`,`username`,id as userId FROM `os_user` WHERE `id` = 53 LIMIT 1   [ RunTime:0.0002s ]
SQL: SELECT `province`,`city`,`ip`,`username`,id as userId FROM `os_user` WHERE `id` = 3 LIMIT 1   [ RunTime:0.0024s ]
SQL: SELECT `province`,`city`,`ip`,`username`,id as userId FROM `os_user` WHERE `id` = 50 LIMIT 1   [ RunTime:0.0003s ]
SQL: SELECT `province`,`city`,`ip`,`username`,id as userId FROM `os_user` WHERE `id` = 41 LIMIT 1   [ RunTime:0.0003s ]
SQL: SELECT `province`,`city`,`ip`,`username`,id as userId FROM `os_user` WHERE `id` = 37 LIMIT 1   [ RunTime:0.0005s ]
SQL: SELECT * FROM `os_interdetail` ORDER BY time desc LIMIT 10   [ RunTime:0.0012s ]
SQL: SELECT `province`,`city`,`ip`,`username`,id as userId FROM `os_user` WHERE `id` = 6 LIMIT 1   [ RunTime:0.0002s ]
SQL: SELECT `province`,`city`,`ip`,`username`,id as userId FROM `os_user` WHERE `id` = 67 LIMIT 1   [ RunTime:0.0002s ]
SQL: SELECT `province`,`city`,`ip`,`username`,id as userId FROM `os_user` WHERE `id` = 70 LIMIT 1   [ RunTime:0.0002s ]
SQL: SELECT `province`,`city`,`ip`,`username`,id as userId FROM `os_user` WHERE `id` = 86 LIMIT 1   [ RunTime:0.0002s ]
SQL: SELECT `province`,`city`,`ip`,`username`,id as userId FROM `os_user` WHERE `id` = 56 LIMIT 1   [ RunTime:0.0002s ]
SQL: SELECT `province`,`city`,`ip`,`username`,id as userId FROM `os_user` WHERE `id` = 68 LIMIT 1   [ RunTime:0.0002s ]
SQL: SELECT `province`,`city`,`ip`,`username`,id as userId FROM `os_user` WHERE `id` = 78 LIMIT 1   [ RunTime:0.0002s ]
SQL: SELECT `province`,`city`,`ip`,`username`,id as userId FROM `os_user` WHERE `id` = 68 LIMIT 1   [ RunTime:0.0002s ]
SQL: SELECT `province`,`city`,`ip`,`username`,id as userId FROM `os_user` WHERE `id` = 67 LIMIT 1   [ RunTime:0.0002s ]
SQL: SELECT `province`,`city`,`ip`,`username`,id as userId FROM `os_user` WHERE `id` = 9 LIMIT 1   [ RunTime:0.0002s ]

[ 2015-10-14T12:22:35+08:00 ] ::1 /originalsystem/index.php/index/monitor/InitMonitor
INFO: [ app_begin ] --START--
INFO: Run Behavior\ReadHtmlCacheBehavior [ RunTime:0.000828s ]
INFO: [ app_begin ] --END-- [ RunTime:0.001348s ]
SQL: SHOW COLUMNS FROM `os_interdetail` [ RunTime:0.0043s ]
SQL: SELECT COUNT(*) AS tp_count FROM `os_interdetail` WHERE `time` BETWEEN '1444752000<br>' AND '1444796555' LIMIT 1   [ RunTime:0.0009s ]
SQL: SELECT COUNT(*) AS tp_count FROM `os_interdetail` LIMIT 1   [ RunTime:0.0004s ]
SQL: SHOW COLUMNS FROM `os_user` [ RunTime:0.0044s ]
SQL: SELECT COUNT(*) AS tp_count FROM `os_user` LIMIT 1   [ RunTime:0.0003s ]
SQL: SHOW COLUMNS FROM `os_config` [ RunTime:0.0030s ]
SQL: SELECT * FROM `os_config` WHERE ( Conf="MaxUserNum" ) LIMIT 1   [ RunTime:0.0004s ]
SQL: SHOW COLUMNS FROM `os_net` [ RunTime:0.0037s ]
SQL: SELECT COUNT(*) AS tp_count FROM `os_net` LIMIT 1   [ RunTime:0.0003s ]
SQL: SELECT * FROM `os_config` WHERE ( Conf="MaxNetSetting" ) LIMIT 1   [ RunTime:0.0002s ]
SQL: SHOW COLUMNS FROM `os_auth` [ RunTime:0.0043s ]
SQL: SELECT COUNT(*) AS tp_count FROM `os_auth` LIMIT 1   [ RunTime:0.0003s ]
SQL: SELECT * FROM `os_config` WHERE ( Conf="MaxAuthNum" ) LIMIT 1   [ RunTime:0.0003s ]
SQL: SELECT COUNT(*) AS tp_count FROM `os_interdetail` WHERE `time` BETWEEN '1444792955' AND '1444796555' LIMIT 1   [ RunTime:0.0006s ]
SQL: SELECT COUNT(*) AS tp_count FROM `os_interdetail` WHERE `time` BETWEEN '1444789355' AND '1444792955' LIMIT 1   [ RunTime:0.0007s ]
SQL: SELECT COUNT(*) AS tp_count FROM `os_interdetail` WHERE `time` BETWEEN '1444785755' AND '1444789355' LIMIT 1   [ RunTime:0.0007s ]
SQL: SELECT COUNT(*) AS tp_count FROM `os_interdetail` WHERE `time` BETWEEN '1444782155' AND '1444785755' LIMIT 1   [ RunTime:0.0008s ]
SQL: SELECT COUNT(*) AS tp_count FROM `os_interdetail` WHERE `time` BETWEEN '1444778555' AND '1444782155' LIMIT 1   [ RunTime:0.0008s ]
SQL: SELECT COUNT(*) AS tp_count FROM `os_interdetail` WHERE `time` BETWEEN '1444774955' AND '1444778555' LIMIT 1   [ RunTime:0.0007s ]
SQL: SELECT COUNT(*) AS tp_count FROM `os_interdetail` WHERE `time` BETWEEN '1444771355' AND '1444774955' LIMIT 1   [ RunTime:0.0005s ]
SQL: SELECT COUNT(*) AS tp_count FROM `os_interdetail` WHERE `time` BETWEEN '1444767755' AND '1444771355' LIMIT 1   [ RunTime:0.0004s ]
SQL: SELECT COUNT(*) AS tp_count FROM `os_interdetail` WHERE `time` BETWEEN '1444764155' AND '1444767755' LIMIT 1   [ RunTime:0.0004s ]
SQL: SELECT COUNT(*) AS tp_count FROM `os_interdetail` WHERE `time` BETWEEN '1444760555' AND '1444764155' LIMIT 1   [ RunTime:0.0004s ]
SQL: SELECT COUNT(*) AS tp_count FROM `os_interdetail` WHERE `time` BETWEEN '1444756955' AND '1444760555' LIMIT 1   [ RunTime:0.0005s ]
SQL: SELECT COUNT(*) AS tp_count FROM `os_interdetail` WHERE `time` BETWEEN '1444753355' AND '1444756955' LIMIT 1   [ RunTime:0.0004s ]
SQL: SELECT COUNT(*) AS tp_count FROM `os_interdetail` WHERE `time` BETWEEN '1444749755' AND '1444753355' LIMIT 1   [ RunTime:0.0004s ]
SQL: SELECT COUNT(*) AS tp_count FROM `os_interdetail` WHERE `time` BETWEEN '1444746155' AND '1444749755' LIMIT 1   [ RunTime:0.0004s ]
SQL: SELECT COUNT(*) AS tp_count FROM `os_interdetail` WHERE `time` BETWEEN '1444742555' AND '1444746155' LIMIT 1   [ RunTime:0.0009s ]
SQL: SELECT COUNT(*) AS tp_count FROM `os_interdetail` WHERE `time` BETWEEN '1444738955' AND '1444742555' LIMIT 1   [ RunTime:0.0005s ]
SQL: SELECT COUNT(*) AS tp_count FROM `os_interdetail` WHERE `time` BETWEEN '1444735355' AND '1444738955' LIMIT 1   [ RunTime:0.0004s ]
SQL: SELECT COUNT(*) AS tp_count FROM `os_interdetail` WHERE `time` BETWEEN '1444731755' AND '1444735355' LIMIT 1   [ RunTime:0.0004s ]
SQL: SELECT COUNT(*) AS tp_count FROM `os_interdetail` WHERE `time` BETWEEN '1444728155' AND '1444731755' LIMIT 1   [ RunTime:0.0004s ]
SQL: SELECT COUNT(*) AS tp_count FROM `os_interdetail` WHERE `time` BETWEEN '1444724555' AND '1444728155' LIMIT 1   [ RunTime:0.0004s ]
SQL: SELECT COUNT(*) AS tp_count FROM `os_interdetail` WHERE `time` BETWEEN '1444720955' AND '1444724555' LIMIT 1   [ RunTime:0.0004s ]
SQL: SELECT COUNT(*) AS tp_count FROM `os_interdetail` WHERE `time` BETWEEN '1444717355' AND '1444720955' LIMIT 1   [ RunTime:0.0004s ]
SQL: SELECT COUNT(*) AS tp_count FROM `os_interdetail` WHERE `time` BETWEEN '1444713755' AND '1444717355' LIMIT 1   [ RunTime:0.0006s ]
SQL: SELECT COUNT(*) AS tp_count FROM `os_interdetail` WHERE `time` BETWEEN '1444710155' AND '1444713755' LIMIT 1   [ RunTime:0.0007s ]
SQL: SELECT COUNT(*) AS tp_count FROM `os_interdetail` WHERE `time` BETWEEN '1444706555' AND '1444710155' LIMIT 1   [ RunTime:0.0007s ]
SQL: SELECT * FROM `os_auth`  [ RunTime:0.0003s ]
SQL: SELECT COUNT(*) AS tp_count FROM `os_interdetail` WHERE `request` = 1 LIMIT 1   [ RunTime:0.0014s ]
SQL: SELECT COUNT(*) AS tp_count FROM `os_interdetail` WHERE `request` = 2 LIMIT 1   [ RunTime:0.0006s ]
SQL: SELECT COUNT(*) AS tp_count FROM `os_interdetail` WHERE `request` = 3 LIMIT 1   [ RunTime:0.0006s ]
SQL: select *,count(distinct userId) from os_interdetail group by userId order by times desc [ RunTime:0.0024s ]
SQL: SELECT `province`,`city`,`ip`,`username`,id as userId FROM `os_user` WHERE `id` = 2 LIMIT 1   [ RunTime:0.0004s ]
SQL: SELECT `province`,`city`,`ip`,`username`,id as userId FROM `os_user` WHERE `id` = 76 LIMIT 1   [ RunTime:0.0003s ]
SQL: SELECT `province`,`city`,`ip`,`username`,id as userId FROM `os_user` WHERE `id` = 67 LIMIT 1   [ RunTime:0.0003s ]
SQL: SELECT `province`,`city`,`ip`,`username`,id as userId FROM `os_user` WHERE `id` = 66 LIMIT 1   [ RunTime:0.0003s ]
SQL: SELECT `province`,`city`,`ip`,`username`,id as userId FROM `os_user` WHERE `id` = 65 LIMIT 1   [ RunTime:0.0003s ]
SQL: SELECT `province`,`city`,`ip`,`username`,id as userId FROM `os_user` WHERE `id` = 78 LIMIT 1   [ RunTime:0.0002s ]
SQL: SELECT `province`,`city`,`ip`,`username`,id as userId FROM `os_user` WHERE `id` = 13 LIMIT 1   [ RunTime:0.0002s ]
SQL: SELECT `province`,`city`,`ip`,`username`,id as userId FROM `os_user` WHERE `id` = 1 LIMIT 1   [ RunTime:0.0002s ]
SQL: SELECT `province`,`city`,`ip`,`username`,id as userId FROM `os_user` WHERE `id` = 74 LIMIT 1   [ RunTime:0.0002s ]
SQL: SELECT `province`,`city`,`ip`,`username`,id as userId FROM `os_user` WHERE `id` = 68 LIMIT 1   [ RunTime:0.0002s ]
SQL: SELECT `province`,`city`,`ip`,`username`,id as userId FROM `os_user` WHERE `id` = 18 LIMIT 1   [ RunTime:0.0003s ]
SQL: SELECT `province`,`city`,`ip`,`username`,id as userId FROM `os_user` WHERE `id` = 83 LIMIT 1   [ RunTime:0.0004s ]
SQL: SELECT `province`,`city`,`ip`,`username`,id as userId FROM `os_user` WHERE `id` = 23 LIMIT 1   [ RunTime:0.0004s ]
SQL: SELECT `province`,`city`,`ip`,`username`,id as userId FROM `os_user` WHERE `id` = 77 LIMIT 1   [ RunTime:0.0003s ]
SQL: SELECT `province`,`city`,`ip`,`username`,id as userId FROM `os_user` WHERE `id` = 27 LIMIT 1   [ RunTime:0.0003s ]
SQL: SELECT `province`,`city`,`ip`,`username`,id as userId FROM `os_user` WHERE `id` = 81 LIMIT 1   [ RunTime:0.0003s ]
SQL: SELECT `province`,`city`,`ip`,`username`,id as userId FROM `os_user` WHERE `id` = 72 LIMIT 1   [ RunTime:0.0002s ]
SQL: SELECT `province`,`city`,`ip`,`username`,id as userId FROM `os_user` WHERE `id` = 79 LIMIT 1   [ RunTime:0.0003s ]
SQL: SELECT `province`,`city`,`ip`,`username`,id as userId FROM `os_user` WHERE `id` = 73 LIMIT 1   [ RunTime:0.0003s ]
SQL: SELECT `province`,`city`,`ip`,`username`,id as userId FROM `os_user` WHERE `id` = 70 LIMIT 1   [ RunTime:0.0003s ]
SQL: SELECT `province`,`city`,`ip`,`username`,id as userId FROM `os_user` WHERE `id` = 10 LIMIT 1   [ RunTime:0.0004s ]
SQL: SELECT `province`,`city`,`ip`,`username`,id as userId FROM `os_user` WHERE `id` = 69 LIMIT 1   [ RunTime:0.0004s ]
SQL: SELECT `province`,`city`,`ip`,`username`,id as userId FROM `os_user` WHERE `id` = 16 LIMIT 1   [ RunTime:0.0002s ]
SQL: SELECT `province`,`city`,`ip`,`username`,id as userId FROM `os_user` WHERE `id` = 5 LIMIT 1   [ RunTime:0.0002s ]
SQL: SELECT `province`,`city`,`ip`,`username`,id as userId FROM `os_user` WHERE `id` = 84 LIMIT 1   [ RunTime:0.0002s ]
SQL: SELECT `province`,`city`,`ip`,`username`,id as userId FROM `os_user` WHERE `id` = 42 LIMIT 1   [ RunTime:0.0002s ]
SQL: SELECT `province`,`city`,`ip`,`username`,id as userId FROM `os_user` WHERE `id` = 80 LIMIT 1   [ RunTime:0.0002s ]
SQL: SELECT `province`,`city`,`ip`,`username`,id as userId FROM `os_user` WHERE `id` = 58 LIMIT 1   [ RunTime:0.0002s ]
SQL: SELECT `province`,`city`,`ip`,`username`,id as userId FROM `os_user` WHERE `id` = 7 LIMIT 1   [ RunTime:0.0002s ]
SQL: SELECT `province`,`city`,`ip`,`username`,id as userId FROM `os_user` WHERE `id` = 86 LIMIT 1   [ RunTime:0.0003s ]
SQL: SELECT `province`,`city`,`ip`,`username`,id as userId FROM `os_user` WHERE `id` = 44 LIMIT 1   [ RunTime:0.0002s ]
SQL: SELECT `province`,`city`,`ip`,`username`,id as userId FROM `os_user` WHERE `id` = 14 LIMIT 1   [ RunTime:0.0002s ]
SQL: SELECT `province`,`city`,`ip`,`username`,id as userId FROM `os_user` WHERE `id` = 40 LIMIT 1   [ RunTime:0.0002s ]
SQL: SELECT `province`,`city`,`ip`,`username`,id as userId FROM `os_user` WHERE `id` = 19 LIMIT 1   [ RunTime:0.0003s ]
SQL: SELECT `province`,`city`,`ip`,`username`,id as userId FROM `os_user` WHERE `id` = 51 LIMIT 1   [ RunTime:0.0002s ]
SQL: SELECT `province`,`city`,`ip`,`username`,id as userId FROM `os_user` WHERE `id` = 38 LIMIT 1   [ RunTime:0.0002s ]
SQL: SELECT `province`,`city`,`ip`,`username`,id as userId FROM `os_user` WHERE `id` = 33 LIMIT 1   [ RunTime:0.0002s ]
SQL: SELECT `province`,`city`,`ip`,`username`,id as userId FROM `os_user` WHERE `id` = 24 LIMIT 1   [ RunTime:0.0002s ]
SQL: SELECT `province`,`city`,`ip`,`username`,id as userId FROM `os_user` WHERE `id` = 21 LIMIT 1   [ RunTime:0.0002s ]
SQL: SELECT `province`,`city`,`ip`,`username`,id as userId FROM `os_user` WHERE `id` = 11 LIMIT 1   [ RunTime:0.0003s ]
SQL: SELECT `province`,`city`,`ip`,`username`,id as userId FROM `os_user` WHERE `id` = 20 LIMIT 1   [ RunTime:0.0004s ]
SQL: SELECT `province`,`city`,`ip`,`username`,id as userId FROM `os_user` WHERE `id` = 17 LIMIT 1   [ RunTime:0.0006s ]
SQL: SELECT `province`,`city`,`ip`,`username`,id as userId FROM `os_user` WHERE `id` = 64 LIMIT 1   [ RunTime:0.0004s ]
SQL: SELECT `province`,`city`,`ip`,`username`,id as userId FROM `os_user` WHERE `id` = 60 LIMIT 1   [ RunTime:0.0004s ]
SQL: SELECT `province`,`city`,`ip`,`username`,id as userId FROM `os_user` WHERE `id` = 56 LIMIT 1   [ RunTime:0.0003s ]
SQL: SELECT `province`,`city`,`ip`,`username`,id as userId FROM `os_user` WHERE `id` = 6 LIMIT 1   [ RunTime:0.0004s ]
SQL: SELECT `province`,`city`,`ip`,`username`,id as userId FROM `os_user` WHERE `id` = 52 LIMIT 1   [ RunTime:0.0003s ]
SQL: SELECT `province`,`city`,`ip`,`username`,id as userId FROM `os_user` WHERE `id` = 46 LIMIT 1   [ RunTime:0.0003s ]
SQL: SELECT `province`,`city`,`ip`,`username`,id as userId FROM `os_user` WHERE `id` = 85 LIMIT 1   [ RunTime:0.0003s ]
SQL: SELECT `province`,`city`,`ip`,`username`,id as userId FROM `os_user` WHERE `id` = 43 LIMIT 1   [ RunTime:0.0003s ]
SQL: SELECT `province`,`city`,`ip`,`username`,id as userId FROM `os_user` WHERE `id` = 35 LIMIT 1   [ RunTime:0.0003s ]
SQL: SELECT `province`,`city`,`ip`,`username`,id as userId FROM `os_user` WHERE `id` = 75 LIMIT 1   [ RunTime:0.0002s ]
SQL: SELECT `province`,`city`,`ip`,`username`,id as userId FROM `os_user` WHERE `id` = 26 LIMIT 1   [ RunTime:0.0002s ]
SQL: SELECT `province`,`city`,`ip`,`username`,id as userId FROM `os_user` WHERE `id` = 22 LIMIT 1   [ RunTime:0.0002s ]
SQL: SELECT `province`,`city`,`ip`,`username`,id as userId FROM `os_user` WHERE `id` = 63 LIMIT 1   [ RunTime:0.0002s ]
SQL: SELECT `province`,`city`,`ip`,`username`,id as userId FROM `os_user` WHERE `id` = 59 LIMIT 1   [ RunTime:0.0002s ]
SQL: SELECT `province`,`city`,`ip`,`username`,id as userId FROM `os_user` WHERE `id` = 9 LIMIT 1   [ RunTime:0.0002s ]
SQL: SELECT `province`,`city`,`ip`,`username`,id as userId FROM `os_user` WHERE `id` = 54 LIMIT 1   [ RunTime:0.0002s ]
SQL: SELECT `province`,`city`,`ip`,`username`,id as userId FROM `os_user` WHERE `id` = 87 LIMIT 1   [ RunTime:0.0002s ]
SQL: SELECT `province`,`city`,`ip`,`username`,id as userId FROM `os_user` WHERE `id` = 45 LIMIT 1   [ RunTime:0.0002s ]
SQL: SELECT `province`,`city`,`ip`,`username`,id as userId FROM `os_user` WHERE `id` = 71 LIMIT 1   [ RunTime:0.0002s ]
SQL: SELECT `province`,`city`,`ip`,`username`,id as userId FROM `os_user` WHERE `id` = 15 LIMIT 1   [ RunTime:0.0002s ]
SQL: SELECT `province`,`city`,`ip`,`username`,id as userId FROM `os_user` WHERE `id` = 62 LIMIT 1   [ RunTime:0.0002s ]
SQL: SELECT `province`,`city`,`ip`,`username`,id as userId FROM `os_user` WHERE `id` = 53 LIMIT 1   [ RunTime:0.0002s ]
SQL: SELECT `province`,`city`,`ip`,`username`,id as userId FROM `os_user` WHERE `id` = 3 LIMIT 1   [ RunTime:0.0002s ]
SQL: SELECT `province`,`city`,`ip`,`username`,id as userId FROM `os_user` WHERE `id` = 50 LIMIT 1   [ RunTime:0.0004s ]
SQL: SELECT `province`,`city`,`ip`,`username`,id as userId FROM `os_user` WHERE `id` = 41 LIMIT 1   [ RunTime:0.0005s ]
SQL: SELECT `province`,`city`,`ip`,`username`,id as userId FROM `os_user` WHERE `id` = 37 LIMIT 1   [ RunTime:0.0003s ]
SQL: SELECT * FROM `os_interdetail` ORDER BY time desc LIMIT 10   [ RunTime:0.0012s ]
SQL: SELECT `province`,`city`,`ip`,`username`,id as userId FROM `os_user` WHERE `id` = 6 LIMIT 1   [ RunTime:0.0002s ]
SQL: SELECT `province`,`city`,`ip`,`username`,id as userId FROM `os_user` WHERE `id` = 67 LIMIT 1   [ RunTime:0.0002s ]
SQL: SELECT `province`,`city`,`ip`,`username`,id as userId FROM `os_user` WHERE `id` = 70 LIMIT 1   [ RunTime:0.0002s ]
SQL: SELECT `province`,`city`,`ip`,`username`,id as userId FROM `os_user` WHERE `id` = 86 LIMIT 1   [ RunTime:0.0002s ]
SQL: SELECT `province`,`city`,`ip`,`username`,id as userId FROM `os_user` WHERE `id` = 56 LIMIT 1   [ RunTime:0.0002s ]
SQL: SELECT `province`,`city`,`ip`,`username`,id as userId FROM `os_user` WHERE `id` = 68 LIMIT 1   [ RunTime:0.0002s ]
SQL: SELECT `province`,`city`,`ip`,`username`,id as userId FROM `os_user` WHERE `id` = 78 LIMIT 1   [ RunTime:0.0002s ]
SQL: SELECT `province`,`city`,`ip`,`username`,id as userId FROM `os_user` WHERE `id` = 68 LIMIT 1   [ RunTime:0.0002s ]
SQL: SELECT `province`,`city`,`ip`,`username`,id as userId FROM `os_user` WHERE `id` = 67 LIMIT 1   [ RunTime:0.0002s ]
SQL: SELECT `province`,`city`,`ip`,`username`,id as userId FROM `os_user` WHERE `id` = 9 LIMIT 1   [ RunTime:0.0002s ]

[ 2015-10-14T12:25:19+08:00 ] ::1 /originalsystem/index.php/index/monitor/InitMonitor
INFO: [ app_begin ] --START--
INFO: Run Behavior\ReadHtmlCacheBehavior [ RunTime:0.000973s ]
INFO: [ app_begin ] --END-- [ RunTime:0.001700s ]
SQL: SHOW COLUMNS FROM `os_interdetail` [ RunTime:0.0043s ]
SQL: SELECT COUNT(*) AS tp_count FROM `os_interdetail` WHERE `time` BETWEEN '1444752000<br>' AND '1444796719' LIMIT 1   [ RunTime:0.0011s ]
SQL: SELECT COUNT(*) AS tp_count FROM `os_interdetail` LIMIT 1   [ RunTime:0.0022s ]
SQL: SHOW COLUMNS FROM `os_user` [ RunTime:0.0052s ]
SQL: SELECT COUNT(*) AS tp_count FROM `os_user` LIMIT 1   [ RunTime:0.0004s ]
SQL: SHOW COLUMNS FROM `os_config` [ RunTime:0.0053s ]
SQL: SELECT * FROM `os_config` WHERE ( Conf="MaxUserNum" ) LIMIT 1   [ RunTime:0.0005s ]
SQL: SHOW COLUMNS FROM `os_net` [ RunTime:0.0041s ]
SQL: SELECT COUNT(*) AS tp_count FROM `os_net` LIMIT 1   [ RunTime:0.0004s ]
SQL: SELECT * FROM `os_config` WHERE ( Conf="MaxNetSetting" ) LIMIT 1   [ RunTime:0.0003s ]
SQL: SHOW COLUMNS FROM `os_auth` [ RunTime:0.0037s ]
SQL: SELECT COUNT(*) AS tp_count FROM `os_auth` LIMIT 1   [ RunTime:0.0004s ]
SQL: SELECT * FROM `os_config` WHERE ( Conf="MaxAuthNum" ) LIMIT 1   [ RunTime:0.0004s ]
SQL: SELECT COUNT(*) AS tp_count FROM `os_interdetail` WHERE `time` BETWEEN '1444793119' AND '1444796719' LIMIT 1   [ RunTime:0.0008s ]
SQL: SELECT COUNT(*) AS tp_count FROM `os_interdetail` WHERE `time` BETWEEN '1444789519' AND '1444793119' LIMIT 1   [ RunTime:0.0008s ]
SQL: SELECT COUNT(*) AS tp_count FROM `os_interdetail` WHERE `time` BETWEEN '1444785919' AND '1444789519' LIMIT 1   [ RunTime:0.0008s ]
SQL: SELECT COUNT(*) AS tp_count FROM `os_interdetail` WHERE `time` BETWEEN '1444782319' AND '1444785919' LIMIT 1   [ RunTime:0.0008s ]
SQL: SELECT COUNT(*) AS tp_count FROM `os_interdetail` WHERE `time` BETWEEN '1444778719' AND '1444782319' LIMIT 1   [ RunTime:0.0005s ]
SQL: SELECT COUNT(*) AS tp_count FROM `os_interdetail` WHERE `time` BETWEEN '1444775119' AND '1444778719' LIMIT 1   [ RunTime:0.0005s ]
SQL: SELECT COUNT(*) AS tp_count FROM `os_interdetail` WHERE `time` BETWEEN '1444771519' AND '1444775119' LIMIT 1   [ RunTime:0.0007s ]
SQL: SELECT COUNT(*) AS tp_count FROM `os_interdetail` WHERE `time` BETWEEN '1444767919' AND '1444771519' LIMIT 1   [ RunTime:0.0007s ]
SQL: SELECT COUNT(*) AS tp_count FROM `os_interdetail` WHERE `time` BETWEEN '1444764319' AND '1444767919' LIMIT 1   [ RunTime:0.0006s ]
SQL: SELECT COUNT(*) AS tp_count FROM `os_interdetail` WHERE `time` BETWEEN '1444760719' AND '1444764319' LIMIT 1   [ RunTime:0.0032s ]
SQL: SELECT COUNT(*) AS tp_count FROM `os_interdetail` WHERE `time` BETWEEN '1444757119' AND '1444760719' LIMIT 1   [ RunTime:0.0009s ]
SQL: SELECT COUNT(*) AS tp_count FROM `os_interdetail` WHERE `time` BETWEEN '1444753519' AND '1444757119' LIMIT 1   [ RunTime:0.0007s ]
SQL: SELECT COUNT(*) AS tp_count FROM `os_interdetail` WHERE `time` BETWEEN '1444749919' AND '1444753519' LIMIT 1   [ RunTime:0.0006s ]
SQL: SELECT COUNT(*) AS tp_count FROM `os_interdetail` WHERE `time` BETWEEN '1444746319' AND '1444749919' LIMIT 1   [ RunTime:0.0006s ]
SQL: SELECT COUNT(*) AS tp_count FROM `os_interdetail` WHERE `time` BETWEEN '1444742719' AND '1444746319' LIMIT 1   [ RunTime:0.0004s ]
SQL: SELECT COUNT(*) AS tp_count FROM `os_interdetail` WHERE `time` BETWEEN '1444739119' AND '1444742719' LIMIT 1   [ RunTime:0.0007s ]
SQL: SELECT COUNT(*) AS tp_count FROM `os_interdetail` WHERE `time` BETWEEN '1444735519' AND '1444739119' LIMIT 1   [ RunTime:0.0007s ]
SQL: SELECT COUNT(*) AS tp_count FROM `os_interdetail` WHERE `time` BETWEEN '1444731919' AND '1444735519' LIMIT 1   [ RunTime:0.0007s ]
SQL: SELECT COUNT(*) AS tp_count FROM `os_interdetail` WHERE `time` BETWEEN '1444728319' AND '1444731919' LIMIT 1   [ RunTime:0.0006s ]
SQL: SELECT COUNT(*) AS tp_count FROM `os_interdetail` WHERE `time` BETWEEN '1444724719' AND '1444728319' LIMIT 1   [ RunTime:0.0007s ]
SQL: SELECT COUNT(*) AS tp_count FROM `os_interdetail` WHERE `time` BETWEEN '1444721119' AND '1444724719' LIMIT 1   [ RunTime:0.0007s ]
SQL: SELECT COUNT(*) AS tp_count FROM `os_interdetail` WHERE `time` BETWEEN '1444717519' AND '1444721119' LIMIT 1   [ RunTime:0.0005s ]
SQL: SELECT COUNT(*) AS tp_count FROM `os_interdetail` WHERE `time` BETWEEN '1444713919' AND '1444717519' LIMIT 1   [ RunTime:0.0004s ]
SQL: SELECT COUNT(*) AS tp_count FROM `os_interdetail` WHERE `time` BETWEEN '1444710319' AND '1444713919' LIMIT 1   [ RunTime:0.0004s ]
SQL: SELECT COUNT(*) AS tp_count FROM `os_interdetail` WHERE `time` BETWEEN '1444706719' AND '1444710319' LIMIT 1   [ RunTime:0.0006s ]
SQL: SELECT * FROM `os_auth`  [ RunTime:0.0003s ]
SQL: SELECT COUNT(*) AS tp_count FROM `os_interdetail` WHERE `request` = 1 LIMIT 1   [ RunTime:0.0006s ]
SQL: SELECT COUNT(*) AS tp_count FROM `os_interdetail` WHERE `request` = 2 LIMIT 1   [ RunTime:0.0007s ]
SQL: SELECT COUNT(*) AS tp_count FROM `os_interdetail` WHERE `request` = 3 LIMIT 1   [ RunTime:0.0007s ]
SQL: select *,count(distinct userId) from os_interdetail group by userId order by times desc [ RunTime:0.0024s ]
SQL: SELECT `province`,`city`,`ip`,`username`,id as userId FROM `os_user` WHERE `id` = 2 LIMIT 1   [ RunTime:0.0003s ]
SQL: SELECT `province`,`city`,`ip`,`username`,id as userId FROM `os_user` WHERE `id` = 76 LIMIT 1   [ RunTime:0.0002s ]
SQL: SELECT `province`,`city`,`ip`,`username`,id as userId FROM `os_user` WHERE `id` = 67 LIMIT 1   [ RunTime:0.0002s ]
SQL: SELECT `province`,`city`,`ip`,`username`,id as userId FROM `os_user` WHERE `id` = 66 LIMIT 1   [ RunTime:0.0002s ]
SQL: SELECT `province`,`city`,`ip`,`username`,id as userId FROM `os_user` WHERE `id` = 65 LIMIT 1   [ RunTime:0.0003s ]
SQL: SELECT `province`,`city`,`ip`,`username`,id as userId FROM `os_user` WHERE `id` = 78 LIMIT 1   [ RunTime:0.0002s ]
SQL: SELECT `province`,`city`,`ip`,`username`,id as userId FROM `os_user` WHERE `id` = 13 LIMIT 1   [ RunTime:0.0002s ]
SQL: SELECT `province`,`city`,`ip`,`username`,id as userId FROM `os_user` WHERE `id` = 1 LIMIT 1   [ RunTime:0.0002s ]
SQL: SELECT `province`,`city`,`ip`,`username`,id as userId FROM `os_user` WHERE `id` = 74 LIMIT 1   [ RunTime:0.0002s ]
SQL: SELECT `province`,`city`,`ip`,`username`,id as userId FROM `os_user` WHERE `id` = 68 LIMIT 1   [ RunTime:0.0002s ]
SQL: SELECT `province`,`city`,`ip`,`username`,id as userId FROM `os_user` WHERE `id` = 18 LIMIT 1   [ RunTime:0.0002s ]
SQL: SELECT `province`,`city`,`ip`,`username`,id as userId FROM `os_user` WHERE `id` = 83 LIMIT 1   [ RunTime:0.0002s ]
SQL: SELECT `province`,`city`,`ip`,`username`,id as userId FROM `os_user` WHERE `id` = 23 LIMIT 1   [ RunTime:0.0002s ]
SQL: SELECT `province`,`city`,`ip`,`username`,id as userId FROM `os_user` WHERE `id` = 77 LIMIT 1   [ RunTime:0.0002s ]
SQL: SELECT `province`,`city`,`ip`,`username`,id as userId FROM `os_user` WHERE `id` = 27 LIMIT 1   [ RunTime:0.0002s ]
SQL: SELECT `province`,`city`,`ip`,`username`,id as userId FROM `os_user` WHERE `id` = 81 LIMIT 1   [ RunTime:0.0041s ]
SQL: SELECT `province`,`city`,`ip`,`username`,id as userId FROM `os_user` WHERE `id` = 72 LIMIT 1   [ RunTime:0.0004s ]
SQL: SELECT `province`,`city`,`ip`,`username`,id as userId FROM `os_user` WHERE `id` = 79 LIMIT 1   [ RunTime:0.0003s ]
SQL: SELECT `province`,`city`,`ip`,`username`,id as userId FROM `os_user` WHERE `id` = 73 LIMIT 1   [ RunTime:0.0003s ]
SQL: SELECT `province`,`city`,`ip`,`username`,id as userId FROM `os_user` WHERE `id` = 70 LIMIT 1   [ RunTime:0.0007s ]
SQL: SELECT `province`,`city`,`ip`,`username`,id as userId FROM `os_user` WHERE `id` = 10 LIMIT 1   [ RunTime:0.0008s ]
SQL: SELECT `province`,`city`,`ip`,`username`,id as userId FROM `os_user` WHERE `id` = 69 LIMIT 1   [ RunTime:0.0003s ]
SQL: SELECT `province`,`city`,`ip`,`username`,id as userId FROM `os_user` WHERE `id` = 16 LIMIT 1   [ RunTime:0.0003s ]
SQL: SELECT `province`,`city`,`ip`,`username`,id as userId FROM `os_user` WHERE `id` = 5 LIMIT 1   [ RunTime:0.0003s ]
SQL: SELECT `province`,`city`,`ip`,`username`,id as userId FROM `os_user` WHERE `id` = 84 LIMIT 1   [ RunTime:0.0003s ]
SQL: SELECT `province`,`city`,`ip`,`username`,id as userId FROM `os_user` WHERE `id` = 42 LIMIT 1   [ RunTime:0.0003s ]
SQL: SELECT `province`,`city`,`ip`,`username`,id as userId FROM `os_user` WHERE `id` = 80 LIMIT 1   [ RunTime:0.0003s ]
SQL: SELECT `province`,`city`,`ip`,`username`,id as userId FROM `os_user` WHERE `id` = 58 LIMIT 1   [ RunTime:0.0003s ]
SQL: SELECT `province`,`city`,`ip`,`username`,id as userId FROM `os_user` WHERE `id` = 7 LIMIT 1   [ RunTime:0.0003s ]
SQL: SELECT `province`,`city`,`ip`,`username`,id as userId FROM `os_user` WHERE `id` = 86 LIMIT 1   [ RunTime:0.0003s ]
SQL: SELECT `province`,`city`,`ip`,`username`,id as userId FROM `os_user` WHERE `id` = 44 LIMIT 1   [ RunTime:0.0003s ]
SQL: SELECT `province`,`city`,`ip`,`username`,id as userId FROM `os_user` WHERE `id` = 14 LIMIT 1   [ RunTime:0.0002s ]
SQL: SELECT `province`,`city`,`ip`,`username`,id as userId FROM `os_user` WHERE `id` = 40 LIMIT 1   [ RunTime:0.0009s ]
SQL: SELECT `province`,`city`,`ip`,`username`,id as userId FROM `os_user` WHERE `id` = 19 LIMIT 1   [ RunTime:0.0004s ]
SQL: SELECT `province`,`city`,`ip`,`username`,id as userId FROM `os_user` WHERE `id` = 51 LIMIT 1   [ RunTime:0.0004s ]
SQL: SELECT `province`,`city`,`ip`,`username`,id as userId FROM `os_user` WHERE `id` = 38 LIMIT 1   [ RunTime:0.0004s ]
SQL: SELECT `province`,`city`,`ip`,`username`,id as userId FROM `os_user` WHERE `id` = 33 LIMIT 1   [ RunTime:0.0015s ]
SQL: SELECT `province`,`city`,`ip`,`username`,id as userId FROM `os_user` WHERE `id` = 24 LIMIT 1   [ RunTime:0.0005s ]
SQL: SELECT `province`,`city`,`ip`,`username`,id as userId FROM `os_user` WHERE `id` = 21 LIMIT 1   [ RunTime:0.0004s ]
SQL: SELECT `province`,`city`,`ip`,`username`,id as userId FROM `os_user` WHERE `id` = 11 LIMIT 1   [ RunTime:0.0003s ]
SQL: SELECT `province`,`city`,`ip`,`username`,id as userId FROM `os_user` WHERE `id` = 20 LIMIT 1   [ RunTime:0.0003s ]
SQL: SELECT `province`,`city`,`ip`,`username`,id as userId FROM `os_user` WHERE `id` = 17 LIMIT 1   [ RunTime:0.0003s ]
SQL: SELECT `province`,`city`,`ip`,`username`,id as userId FROM `os_user` WHERE `id` = 64 LIMIT 1   [ RunTime:0.0003s ]
SQL: SELECT `province`,`city`,`ip`,`username`,id as userId FROM `os_user` WHERE `id` = 60 LIMIT 1   [ RunTime:0.0003s ]
SQL: SELECT `province`,`city`,`ip`,`username`,id as userId FROM `os_user` WHERE `id` = 56 LIMIT 1   [ RunTime:0.0003s ]
SQL: SELECT `province`,`city`,`ip`,`username`,id as userId FROM `os_user` WHERE `id` = 6 LIMIT 1   [ RunTime:0.0003s ]
SQL: SELECT `province`,`city`,`ip`,`username`,id as userId FROM `os_user` WHERE `id` = 52 LIMIT 1   [ RunTime:0.0003s ]
SQL: SELECT `province`,`city`,`ip`,`username`,id as userId FROM `os_user` WHERE `id` = 46 LIMIT 1   [ RunTime:0.0003s ]
SQL: SELECT `province`,`city`,`ip`,`username`,id as userId FROM `os_user` WHERE `id` = 85 LIMIT 1   [ RunTime:0.0003s ]
SQL: SELECT `province`,`city`,`ip`,`username`,id as userId FROM `os_user` WHERE `id` = 43 LIMIT 1   [ RunTime:0.0003s ]
SQL: SELECT `province`,`city`,`ip`,`username`,id as userId FROM `os_user` WHERE `id` = 35 LIMIT 1   [ RunTime:0.0003s ]
SQL: SELECT `province`,`city`,`ip`,`username`,id as userId FROM `os_user` WHERE `id` = 75 LIMIT 1   [ RunTime:0.0003s ]
SQL: SELECT `province`,`city`,`ip`,`username`,id as userId FROM `os_user` WHERE `id` = 26 LIMIT 1   [ RunTime:0.0004s ]
SQL: SELECT `province`,`city`,`ip`,`username`,id as userId FROM `os_user` WHERE `id` = 22 LIMIT 1   [ RunTime:0.0003s ]
SQL: SELECT `province`,`city`,`ip`,`username`,id as userId FROM `os_user` WHERE `id` = 63 LIMIT 1   [ RunTime:0.0003s ]
SQL: SELECT `province`,`city`,`ip`,`username`,id as userId FROM `os_user` WHERE `id` = 59 LIMIT 1   [ RunTime:0.0003s ]
SQL: SELECT `province`,`city`,`ip`,`username`,id as userId FROM `os_user` WHERE `id` = 9 LIMIT 1   [ RunTime:0.0003s ]
SQL: SELECT `province`,`city`,`ip`,`username`,id as userId FROM `os_user` WHERE `id` = 54 LIMIT 1   [ RunTime:0.0004s ]
SQL: SELECT `province`,`city`,`ip`,`username`,id as userId FROM `os_user` WHERE `id` = 87 LIMIT 1   [ RunTime:0.0007s ]
SQL: SELECT `province`,`city`,`ip`,`username`,id as userId FROM `os_user` WHERE `id` = 45 LIMIT 1   [ RunTime:0.0004s ]
SQL: SELECT `province`,`city`,`ip`,`username`,id as userId FROM `os_user` WHERE `id` = 71 LIMIT 1   [ RunTime:0.0004s ]
SQL: SELECT `province`,`city`,`ip`,`username`,id as userId FROM `os_user` WHERE `id` = 15 LIMIT 1   [ RunTime:0.0002s ]
SQL: SELECT `province`,`city`,`ip`,`username`,id as userId FROM `os_user` WHERE `id` = 62 LIMIT 1   [ RunTime:0.0004s ]
SQL: SELECT `province`,`city`,`ip`,`username`,id as userId FROM `os_user` WHERE `id` = 53 LIMIT 1   [ RunTime:0.0003s ]
SQL: SELECT `province`,`city`,`ip`,`username`,id as userId FROM `os_user` WHERE `id` = 3 LIMIT 1   [ RunTime:0.0002s ]
SQL: SELECT `province`,`city`,`ip`,`username`,id as userId FROM `os_user` WHERE `id` = 50 LIMIT 1   [ RunTime:0.0002s ]
SQL: SELECT `province`,`city`,`ip`,`username`,id as userId FROM `os_user` WHERE `id` = 41 LIMIT 1   [ RunTime:0.0002s ]
SQL: SELECT `province`,`city`,`ip`,`username`,id as userId FROM `os_user` WHERE `id` = 37 LIMIT 1   [ RunTime:0.0002s ]
SQL: SELECT * FROM `os_interdetail` ORDER BY time desc LIMIT 10   [ RunTime:0.0015s ]
SQL: SELECT `province`,`city`,`ip`,`username`,id as userId FROM `os_user` WHERE `id` = 6 LIMIT 1   [ RunTime:0.0003s ]
SQL: SELECT `province`,`city`,`ip`,`username`,id as userId FROM `os_user` WHERE `id` = 67 LIMIT 1   [ RunTime:0.0002s ]
SQL: SELECT `province`,`city`,`ip`,`username`,id as userId FROM `os_user` WHERE `id` = 70 LIMIT 1   [ RunTime:0.0006s ]
SQL: SELECT `province`,`city`,`ip`,`username`,id as userId FROM `os_user` WHERE `id` = 86 LIMIT 1   [ RunTime:0.0004s ]
SQL: SELECT `province`,`city`,`ip`,`username`,id as userId FROM `os_user` WHERE `id` = 56 LIMIT 1   [ RunTime:0.0011s ]
SQL: SELECT `province`,`city`,`ip`,`username`,id as userId FROM `os_user` WHERE `id` = 68 LIMIT 1   [ RunTime:0.0004s ]
SQL: SELECT `province`,`city`,`ip`,`username`,id as userId FROM `os_user` WHERE `id` = 78 LIMIT 1   [ RunTime:0.0003s ]
SQL: SELECT `province`,`city`,`ip`,`username`,id as userId FROM `os_user` WHERE `id` = 68 LIMIT 1   [ RunTime:0.0003s ]
SQL: SELECT `province`,`city`,`ip`,`username`,id as userId FROM `os_user` WHERE `id` = 67 LIMIT 1   [ RunTime:0.0003s ]
SQL: SELECT `province`,`city`,`ip`,`username`,id as userId FROM `os_user` WHERE `id` = 9 LIMIT 1   [ RunTime:0.0004s ]

[ 2015-10-14T12:31:35+08:00 ] ::1 /originalsystem/index.php/index/monitor/InitMonitor
INFO: [ app_begin ] --START--
INFO: Run Behavior\ReadHtmlCacheBehavior [ RunTime:0.001222s ]
INFO: [ app_begin ] --END-- [ RunTime:0.002105s ]
SQL: SHOW COLUMNS FROM `os_interdetail` [ RunTime:0.0043s ]
SQL: SELECT COUNT(*) AS tp_count FROM `os_interdetail` WHERE `time` BETWEEN '1444752000<br>' AND '1444797095' LIMIT 1   [ RunTime:0.0010s ]
SQL: SELECT COUNT(*) AS tp_count FROM `os_interdetail` LIMIT 1   [ RunTime:0.0004s ]
SQL: SHOW COLUMNS FROM `os_user` [ RunTime:0.0047s ]
SQL: SELECT COUNT(*) AS tp_count FROM `os_user` LIMIT 1   [ RunTime:0.0005s ]
SQL: SHOW COLUMNS FROM `os_config` [ RunTime:0.0048s ]
SQL: SELECT * FROM `os_config` WHERE ( Conf="MaxUserNum" ) LIMIT 1   [ RunTime:0.0005s ]
SQL: SHOW COLUMNS FROM `os_net` [ RunTime:0.0042s ]
SQL: SELECT COUNT(*) AS tp_count FROM `os_net` LIMIT 1   [ RunTime:0.0003s ]
SQL: SELECT * FROM `os_config` WHERE ( Conf="MaxNetSetting" ) LIMIT 1   [ RunTime:0.0004s ]
SQL: SHOW COLUMNS FROM `os_auth` [ RunTime:0.0051s ]
SQL: SELECT COUNT(*) AS tp_count FROM `os_auth` LIMIT 1   [ RunTime:0.0005s ]
SQL: SELECT * FROM `os_config` WHERE ( Conf="MaxAuthNum" ) LIMIT 1   [ RunTime:0.0004s ]
SQL: SELECT COUNT(*) AS tp_count FROM `os_interdetail` WHERE `time` BETWEEN '1444793495' AND '1444797095' LIMIT 1   [ RunTime:0.0006s ]
SQL: SELECT COUNT(*) AS tp_count FROM `os_interdetail` WHERE `time` BETWEEN '1444789895' AND '1444793495' LIMIT 1   [ RunTime:0.0005s ]
SQL: SELECT COUNT(*) AS tp_count FROM `os_interdetail` WHERE `time` BETWEEN '1444786295' AND '1444789895' LIMIT 1   [ RunTime:0.0004s ]
SQL: SELECT COUNT(*) AS tp_count FROM `os_interdetail` WHERE `time` BETWEEN '1444782695' AND '1444786295' LIMIT 1   [ RunTime:0.0007s ]
SQL: SELECT COUNT(*) AS tp_count FROM `os_interdetail` WHERE `time` BETWEEN '1444779095' AND '1444782695' LIMIT 1   [ RunTime:0.0004s ]
SQL: SELECT COUNT(*) AS tp_count FROM `os_interdetail` WHERE `time` BETWEEN '1444775495' AND '1444779095' LIMIT 1   [ RunTime:0.0006s ]
SQL: SELECT COUNT(*) AS tp_count FROM `os_interdetail` WHERE `time` BETWEEN '1444771895' AND '1444775495' LIMIT 1   [ RunTime:0.0008s ]
SQL: SELECT COUNT(*) AS tp_count FROM `os_interdetail` WHERE `time` BETWEEN '1444768295' AND '1444771895' LIMIT 1   [ RunTime:0.0006s ]
SQL: SELECT COUNT(*) AS tp_count FROM `os_interdetail` WHERE `time` BETWEEN '1444764695' AND '1444768295' LIMIT 1   [ RunTime:0.0007s ]
SQL: SELECT COUNT(*) AS tp_count FROM `os_interdetail` WHERE `time` BETWEEN '1444761095' AND '1444764695' LIMIT 1   [ RunTime:0.0004s ]
SQL: SELECT COUNT(*) AS tp_count FROM `os_interdetail` WHERE `time` BETWEEN '1444757495' AND '1444761095' LIMIT 1   [ RunTime:0.0006s ]
SQL: SELECT COUNT(*) AS tp_count FROM `os_interdetail` WHERE `time` BETWEEN '1444753895' AND '1444757495' LIMIT 1   [ RunTime:0.0006s ]
SQL: SELECT COUNT(*) AS tp_count FROM `os_interdetail` WHERE `time` BETWEEN '1444750295' AND '1444753895' LIMIT 1   [ RunTime:0.0004s ]
SQL: SELECT COUNT(*) AS tp_count FROM `os_interdetail` WHERE `time` BETWEEN '1444746695' AND '1444750295' LIMIT 1   [ RunTime:0.0007s ]
SQL: SELECT COUNT(*) AS tp_count FROM `os_interdetail` WHERE `time` BETWEEN '1444743095' AND '1444746695' LIMIT 1   [ RunTime:0.0008s ]
SQL: SELECT COUNT(*) AS tp_count FROM `os_interdetail` WHERE `time` BETWEEN '1444739495' AND '1444743095' LIMIT 1   [ RunTime:0.0009s ]
SQL: SELECT COUNT(*) AS tp_count FROM `os_interdetail` WHERE `time` BETWEEN '1444735895' AND '1444739495' LIMIT 1   [ RunTime:0.0015s ]
SQL: SELECT COUNT(*) AS tp_count FROM `os_interdetail` WHERE `time` BETWEEN '1444732295' AND '1444735895' LIMIT 1   [ RunTime:0.0008s ]
SQL: SELECT COUNT(*) AS tp_count FROM `os_interdetail` WHERE `time` BETWEEN '1444728695' AND '1444732295' LIMIT 1   [ RunTime:0.0007s ]
SQL: SELECT COUNT(*) AS tp_count FROM `os_interdetail` WHERE `time` BETWEEN '1444725095' AND '1444728695' LIMIT 1   [ RunTime:0.0005s ]
SQL: SELECT COUNT(*) AS tp_count FROM `os_interdetail` WHERE `time` BETWEEN '1444721495' AND '1444725095' LIMIT 1   [ RunTime:0.0005s ]
SQL: SELECT COUNT(*) AS tp_count FROM `os_interdetail` WHERE `time` BETWEEN '1444717895' AND '1444721495' LIMIT 1   [ RunTime:0.0006s ]
SQL: SELECT COUNT(*) AS tp_count FROM `os_interdetail` WHERE `time` BETWEEN '1444714295' AND '1444717895' LIMIT 1   [ RunTime:0.0008s ]
SQL: SELECT COUNT(*) AS tp_count FROM `os_interdetail` WHERE `time` BETWEEN '1444710695' AND '1444714295' LIMIT 1   [ RunTime:0.0008s ]
SQL: SELECT COUNT(*) AS tp_count FROM `os_interdetail` WHERE `time` BETWEEN '1444707095' AND '1444710695' LIMIT 1   [ RunTime:0.0008s ]
SQL: SELECT * FROM `os_auth`  [ RunTime:0.0011s ]
SQL: SELECT COUNT(*) AS tp_count FROM `os_interdetail` WHERE `request` = 1 LIMIT 1   [ RunTime:0.0011s ]
SQL: SELECT COUNT(*) AS tp_count FROM `os_interdetail` WHERE `request` = 2 LIMIT 1   [ RunTime:0.0005s ]
SQL: SELECT COUNT(*) AS tp_count FROM `os_interdetail` WHERE `request` = 3 LIMIT 1   [ RunTime:0.0006s ]
SQL: select *,count(distinct userId) from os_interdetail group by userId order by times desc [ RunTime:0.0023s ]
SQL: SELECT `province`,`city`,`ip`,`username`,id as userId FROM `os_user` WHERE `id` = 2 LIMIT 1   [ RunTime:0.0003s ]
SQL: SELECT `province`,`city`,`ip`,`username`,id as userId FROM `os_user` WHERE `id` = 76 LIMIT 1   [ RunTime:0.0003s ]
SQL: SELECT `province`,`city`,`ip`,`username`,id as userId FROM `os_user` WHERE `id` = 67 LIMIT 1   [ RunTime:0.0004s ]
SQL: SELECT `province`,`city`,`ip`,`username`,id as userId FROM `os_user` WHERE `id` = 66 LIMIT 1   [ RunTime:0.0003s ]
SQL: SELECT `province`,`city`,`ip`,`username`,id as userId FROM `os_user` WHERE `id` = 65 LIMIT 1   [ RunTime:0.0003s ]
SQL: SELECT `province`,`city`,`ip`,`username`,id as userId FROM `os_user` WHERE `id` = 78 LIMIT 1   [ RunTime:0.0003s ]
SQL: SELECT `province`,`city`,`ip`,`username`,id as userId FROM `os_user` WHERE `id` = 13 LIMIT 1   [ RunTime:0.0004s ]
SQL: SELECT `province`,`city`,`ip`,`username`,id as userId FROM `os_user` WHERE `id` = 1 LIMIT 1   [ RunTime:0.0004s ]
SQL: SELECT `province`,`city`,`ip`,`username`,id as userId FROM `os_user` WHERE `id` = 74 LIMIT 1   [ RunTime:0.0014s ]
SQL: SELECT `province`,`city`,`ip`,`username`,id as userId FROM `os_user` WHERE `id` = 68 LIMIT 1   [ RunTime:0.0005s ]
SQL: SELECT `province`,`city`,`ip`,`username`,id as userId FROM `os_user` WHERE `id` = 18 LIMIT 1   [ RunTime:0.0030s ]
SQL: SELECT `province`,`city`,`ip`,`username`,id as userId FROM `os_user` WHERE `id` = 83 LIMIT 1   [ RunTime:0.0005s ]
SQL: SELECT `province`,`city`,`ip`,`username`,id as userId FROM `os_user` WHERE `id` = 23 LIMIT 1   [ RunTime:0.0004s ]
SQL: SELECT `province`,`city`,`ip`,`username`,id as userId FROM `os_user` WHERE `id` = 77 LIMIT 1   [ RunTime:0.0003s ]
SQL: SELECT `province`,`city`,`ip`,`username`,id as userId FROM `os_user` WHERE `id` = 27 LIMIT 1   [ RunTime:0.0003s ]
SQL: SELECT `province`,`city`,`ip`,`username`,id as userId FROM `os_user` WHERE `id` = 81 LIMIT 1   [ RunTime:0.0003s ]
SQL: SELECT `province`,`city`,`ip`,`username`,id as userId FROM `os_user` WHERE `id` = 72 LIMIT 1   [ RunTime:0.0003s ]
SQL: SELECT `province`,`city`,`ip`,`username`,id as userId FROM `os_user` WHERE `id` = 79 LIMIT 1   [ RunTime:0.0003s ]
SQL: SELECT `province`,`city`,`ip`,`username`,id as userId FROM `os_user` WHERE `id` = 73 LIMIT 1   [ RunTime:0.0003s ]
SQL: SELECT `province`,`city`,`ip`,`username`,id as userId FROM `os_user` WHERE `id` = 70 LIMIT 1   [ RunTime:0.0003s ]
SQL: SELECT `province`,`city`,`ip`,`username`,id as userId FROM `os_user` WHERE `id` = 10 LIMIT 1   [ RunTime:0.0003s ]
SQL: SELECT `province`,`city`,`ip`,`username`,id as userId FROM `os_user` WHERE `id` = 69 LIMIT 1   [ RunTime:0.0003s ]
SQL: SELECT `province`,`city`,`ip`,`username`,id as userId FROM `os_user` WHERE `id` = 16 LIMIT 1   [ RunTime:0.0003s ]
SQL: SELECT `province`,`city`,`ip`,`username`,id as userId FROM `os_user` WHERE `id` = 5 LIMIT 1   [ RunTime:0.0003s ]
SQL: SELECT `province`,`city`,`ip`,`username`,id as userId FROM `os_user` WHERE `id` = 84 LIMIT 1   [ RunTime:0.0003s ]
SQL: SELECT `province`,`city`,`ip`,`username`,id as userId FROM `os_user` WHERE `id` = 42 LIMIT 1   [ RunTime:0.0003s ]
SQL: SELECT `province`,`city`,`ip`,`username`,id as userId FROM `os_user` WHERE `id` = 80 LIMIT 1   [ RunTime:0.0004s ]
SQL: SELECT `province`,`city`,`ip`,`username`,id as userId FROM `os_user` WHERE `id` = 58 LIMIT 1   [ RunTime:0.0004s ]
SQL: SELECT `province`,`city`,`ip`,`username`,id as userId FROM `os_user` WHERE `id` = 7 LIMIT 1   [ RunTime:0.0034s ]
SQL: SELECT `province`,`city`,`ip`,`username`,id as userId FROM `os_user` WHERE `id` = 86 LIMIT 1   [ RunTime:0.0003s ]
SQL: SELECT `province`,`city`,`ip`,`username`,id as userId FROM `os_user` WHERE `id` = 44 LIMIT 1   [ RunTime:0.0003s ]
SQL: SELECT `province`,`city`,`ip`,`username`,id as userId FROM `os_user` WHERE `id` = 14 LIMIT 1   [ RunTime:0.0002s ]
SQL: SELECT `province`,`city`,`ip`,`username`,id as userId FROM `os_user` WHERE `id` = 40 LIMIT 1   [ RunTime:0.0002s ]
SQL: SELECT `province`,`city`,`ip`,`username`,id as userId FROM `os_user` WHERE `id` = 19 LIMIT 1   [ RunTime:0.0002s ]
SQL: SELECT `province`,`city`,`ip`,`username`,id as userId FROM `os_user` WHERE `id` = 51 LIMIT 1   [ RunTime:0.0002s ]
SQL: SELECT `province`,`city`,`ip`,`username`,id as userId FROM `os_user` WHERE `id` = 38 LIMIT 1   [ RunTime:0.0002s ]
SQL: SELECT `province`,`city`,`ip`,`username`,id as userId FROM `os_user` WHERE `id` = 33 LIMIT 1   [ RunTime:0.0002s ]
SQL: SELECT `province`,`city`,`ip`,`username`,id as userId FROM `os_user` WHERE `id` = 24 LIMIT 1   [ RunTime:0.0002s ]
SQL: SELECT `province`,`city`,`ip`,`username`,id as userId FROM `os_user` WHERE `id` = 21 LIMIT 1   [ RunTime:0.0002s ]
SQL: SELECT `province`,`city`,`ip`,`username`,id as userId FROM `os_user` WHERE `id` = 11 LIMIT 1   [ RunTime:0.0002s ]
SQL: SELECT `province`,`city`,`ip`,`username`,id as userId FROM `os_user` WHERE `id` = 20 LIMIT 1   [ RunTime:0.0002s ]
SQL: SELECT `province`,`city`,`ip`,`username`,id as userId FROM `os_user` WHERE `id` = 17 LIMIT 1   [ RunTime:0.0002s ]
SQL: SELECT `province`,`city`,`ip`,`username`,id as userId FROM `os_user` WHERE `id` = 64 LIMIT 1   [ RunTime:0.0002s ]
SQL: SELECT `province`,`city`,`ip`,`username`,id as userId FROM `os_user` WHERE `id` = 60 LIMIT 1   [ RunTime:0.0003s ]
SQL: SELECT `province`,`city`,`ip`,`username`,id as userId FROM `os_user` WHERE `id` = 56 LIMIT 1   [ RunTime:0.0003s ]
SQL: SELECT `province`,`city`,`ip`,`username`,id as userId FROM `os_user` WHERE `id` = 6 LIMIT 1   [ RunTime:0.0003s ]
SQL: SELECT `province`,`city`,`ip`,`username`,id as userId FROM `os_user` WHERE `id` = 52 LIMIT 1   [ RunTime:0.0003s ]
SQL: SELECT `province`,`city`,`ip`,`username`,id as userId FROM `os_user` WHERE `id` = 46 LIMIT 1   [ RunTime:0.0003s ]
SQL: SELECT `province`,`city`,`ip`,`username`,id as userId FROM `os_user` WHERE `id` = 85 LIMIT 1   [ RunTime:0.0003s ]
SQL: SELECT `province`,`city`,`ip`,`username`,id as userId FROM `os_user` WHERE `id` = 43 LIMIT 1   [ RunTime:0.0003s ]
SQL: SELECT `province`,`city`,`ip`,`username`,id as userId FROM `os_user` WHERE `id` = 35 LIMIT 1   [ RunTime:0.0002s ]
SQL: SELECT `province`,`city`,`ip`,`username`,id as userId FROM `os_user` WHERE `id` = 75 LIMIT 1   [ RunTime:0.0003s ]
SQL: SELECT `province`,`city`,`ip`,`username`,id as userId FROM `os_user` WHERE `id` = 26 LIMIT 1   [ RunTime:0.0002s ]
SQL: SELECT `province`,`city`,`ip`,`username`,id as userId FROM `os_user` WHERE `id` = 22 LIMIT 1   [ RunTime:0.0003s ]
SQL: SELECT `province`,`city`,`ip`,`username`,id as userId FROM `os_user` WHERE `id` = 63 LIMIT 1   [ RunTime:0.0003s ]
SQL: SELECT `province`,`city`,`ip`,`username`,id as userId FROM `os_user` WHERE `id` = 59 LIMIT 1   [ RunTime:0.0003s ]
SQL: SELECT `province`,`city`,`ip`,`username`,id as userId FROM `os_user` WHERE `id` = 9 LIMIT 1   [ RunTime:0.0002s ]
SQL: SELECT `province`,`city`,`ip`,`username`,id as userId FROM `os_user` WHERE `id` = 54 LIMIT 1   [ RunTime:0.0002s ]
SQL: SELECT `province`,`city`,`ip`,`username`,id as userId FROM `os_user` WHERE `id` = 87 LIMIT 1   [ RunTime:0.0002s ]
SQL: SELECT `province`,`city`,`ip`,`username`,id as userId FROM `os_user` WHERE `id` = 45 LIMIT 1   [ RunTime:0.0002s ]
SQL: SELECT `province`,`city`,`ip`,`username`,id as userId FROM `os_user` WHERE `id` = 71 LIMIT 1   [ RunTime:0.0002s ]
SQL: SELECT `province`,`city`,`ip`,`username`,id as userId FROM `os_user` WHERE `id` = 15 LIMIT 1   [ RunTime:0.0002s ]
SQL: SELECT `province`,`city`,`ip`,`username`,id as userId FROM `os_user` WHERE `id` = 62 LIMIT 1   [ RunTime:0.0002s ]
SQL: SELECT `province`,`city`,`ip`,`username`,id as userId FROM `os_user` WHERE `id` = 53 LIMIT 1   [ RunTime:0.0002s ]
SQL: SELECT `province`,`city`,`ip`,`username`,id as userId FROM `os_user` WHERE `id` = 3 LIMIT 1   [ RunTime:0.0002s ]
SQL: SELECT `province`,`city`,`ip`,`username`,id as userId FROM `os_user` WHERE `id` = 50 LIMIT 1   [ RunTime:0.0002s ]
SQL: SELECT `province`,`city`,`ip`,`username`,id as userId FROM `os_user` WHERE `id` = 41 LIMIT 1   [ RunTime:0.0002s ]
SQL: SELECT `province`,`city`,`ip`,`username`,id as userId FROM `os_user` WHERE `id` = 37 LIMIT 1   [ RunTime:0.0002s ]
SQL: SELECT * FROM `os_interdetail` ORDER BY time desc LIMIT 10   [ RunTime:0.0012s ]
SQL: SELECT `province`,`city`,`ip`,`username`,id as userId FROM `os_user` WHERE `id` = 6 LIMIT 1   [ RunTime:0.0002s ]
SQL: SELECT `province`,`city`,`ip`,`username`,id as userId FROM `os_user` WHERE `id` = 67 LIMIT 1   [ RunTime:0.0002s ]
SQL: SELECT `province`,`city`,`ip`,`username`,id as userId FROM `os_user` WHERE `id` = 70 LIMIT 1   [ RunTime:0.0006s ]
SQL: SELECT `province`,`city`,`ip`,`username`,id as userId FROM `os_user` WHERE `id` = 86 LIMIT 1   [ RunTime:0.0004s ]
SQL: SELECT `province`,`city`,`ip`,`username`,id as userId FROM `os_user` WHERE `id` = 56 LIMIT 1   [ RunTime:0.0004s ]
SQL: SELECT `province`,`city`,`ip`,`username`,id as userId FROM `os_user` WHERE `id` = 68 LIMIT 1   [ RunTime:0.0003s ]
SQL: SELECT `province`,`city`,`ip`,`username`,id as userId FROM `os_user` WHERE `id` = 78 LIMIT 1   [ RunTime:0.0002s ]
SQL: SELECT `province`,`city`,`ip`,`username`,id as userId FROM `os_user` WHERE `id` = 68 LIMIT 1   [ RunTime:0.0004s ]
SQL: SELECT `province`,`city`,`ip`,`username`,id as userId FROM `os_user` WHERE `id` = 67 LIMIT 1   [ RunTime:0.0003s ]
SQL: SELECT `province`,`city`,`ip`,`username`,id as userId FROM `os_user` WHERE `id` = 9 LIMIT 1   [ RunTime:0.0003s ]

